2026-04-20 18:00:00.028 | INFO     | gleam.utils.logging:log_environment:52 - torch 2.11.0+cu128 | device=cuda
2026-04-20 18:00:00.183 | INFO     | gleam.utils.logging:log_environment:58 - cuda: NVIDIA GB10 (sm_121) | 121.7 GB | cuDNN 91900
2026-04-20 18:00:00.183 | INFO     | gleam.training.trainer:run_training:116 - batch_size=128, epochs=300, workers=16, amp=True, compile=True
2026-04-20 18:00:00.200 | INFO     | gleam.training.trainer:run_training:123 - train=2100 val=300
2026-04-20 18:00:09.896 | INFO     | gleam.training.trainer:run_training:252 - epoch   1/300 | D 64.290 | G_adv 0.822 | L1 4.9102 | LPIPS 0.7337 | R1 39.7401 | 9.1s
2026-04-20 18:00:17.768 | INFO     | gleam.training.trainer:run_training:252 - epoch   2/300 | D 6.842 | G_adv 0.777 | L1 2.8093 | LPIPS 0.4906 | R1 3.8395 | 7.9s
2026-04-20 18:00:25.651 | INFO     | gleam.training.trainer:run_training:252 - epoch   3/300 | D 2.845 | G_adv 0.763 | L1 2.5471 | LPIPS 0.4462 | R1 1.3419 | 7.9s
2026-04-20 18:00:33.544 | INFO     | gleam.training.trainer:run_training:252 - epoch   4/300 | D 1.662 | G_adv 0.757 | L1 2.4532 | LPIPS 0.3982 | R1 0.6028 | 7.9s
2026-04-20 18:00:41.393 | INFO     | gleam.training.trainer:run_training:252 - epoch   5/300 | D 1.253 | G_adv 0.744 | L1 2.4272 | LPIPS 0.3255 | R1 0.3477 | 7.8s
2026-04-20 18:00:49.326 | INFO     | gleam.training.trainer:run_training:252 - epoch   6/300 | D 1.123 | G_adv 0.738 | L1 2.4380 | LPIPS 0.2727 | R1 0.2669 | 7.9s
2026-04-20 18:00:57.178 | INFO     | gleam.training.trainer:run_training:252 - epoch   7/300 | D 1.035 | G_adv 0.730 | L1 2.4236 | LPIPS 0.2507 | R1 0.2124 | 7.9s
2026-04-20 18:01:05.079 | INFO     | gleam.training.trainer:run_training:252 - epoch   8/300 | D 0.975 | G_adv 0.725 | L1 2.4122 | LPIPS 0.2398 | R1 0.1751 | 7.9s
2026-04-20 18:01:12.946 | INFO     | gleam.training.trainer:run_training:252 - epoch   9/300 | D 0.934 | G_adv 0.720 | L1 2.4154 | LPIPS 0.2362 | R1 0.1500 | 7.9s
2026-04-20 18:01:20.814 | INFO     | gleam.training.trainer:run_training:252 - epoch  10/300 | D 0.907 | G_adv 0.716 | L1 2.3822 | LPIPS 0.2414 | R1 0.1329 | 7.9s
2026-04-20 18:01:21.551 | INFO     | gleam.training.trainer:run_training:260 -   val L1 (EMA): 0.3206
2026-04-20 18:01:29.554 | INFO     | gleam.training.trainer:run_training:252 - epoch  11/300 | D 0.884 | G_adv 0.713 | L1 2.3911 | LPIPS 0.2561 | R1 0.1191 | 7.9s
2026-04-20 18:01:37.382 | INFO     | gleam.training.trainer:run_training:252 - epoch  12/300 | D 0.870 | G_adv 0.709 | L1 2.3374 | LPIPS 0.2827 | R1 0.1101 | 7.8s
2026-04-20 18:01:45.203 | INFO     | gleam.training.trainer:run_training:252 - epoch  13/300 | D 0.845 | G_adv 0.706 | L1 2.3015 | LPIPS 0.2906 | R1 0.0949 | 7.8s
2026-04-20 18:01:53.028 | INFO     | gleam.training.trainer:run_training:252 - epoch  14/300 | D 0.839 | G_adv 0.705 | L1 2.2615 | LPIPS 0.2942 | R1 0.0914 | 7.8s
2026-04-20 18:02:00.864 | INFO     | gleam.training.trainer:run_training:252 - epoch  15/300 | D 0.829 | G_adv 0.702 | L1 2.2811 | LPIPS 0.2851 | R1 0.0850 | 7.8s
2026-04-20 18:02:08.748 | INFO     | gleam.training.trainer:run_training:252 - epoch  16/300 | D 0.815 | G_adv 0.701 | L1 2.2555 | LPIPS 0.2891 | R1 0.0767 | 7.9s
2026-04-20 18:02:16.586 | INFO     | gleam.training.trainer:run_training:252 - epoch  17/300 | D 0.801 | G_adv 0.700 | L1 2.2053 | LPIPS 0.2828 | R1 0.0682 | 7.8s
2026-04-20 18:02:24.483 | INFO     | gleam.training.trainer:run_training:252 - epoch  18/300 | D 0.799 | G_adv 0.698 | L1 2.2247 | LPIPS 0.2822 | R1 0.0669 | 7.9s
2026-04-20 18:02:32.321 | INFO     | gleam.training.trainer:run_training:252 - epoch  19/300 | D 0.791 | G_adv 0.698 | L1 2.1952 | LPIPS 0.2838 | R1 0.0622 | 7.8s
2026-04-20 18:02:40.150 | INFO     | gleam.training.trainer:run_training:252 - epoch  20/300 | D 0.784 | G_adv 0.697 | L1 2.1939 | LPIPS 0.2804 | R1 0.0579 | 7.8s
2026-04-20 18:02:40.740 | INFO     | gleam.training.trainer:run_training:260 -   val L1 (EMA): 0.1322
2026-04-20 18:02:48.710 | INFO     | gleam.training.trainer:run_training:252 - epoch  21/300 | D 0.778 | G_adv 0.696 | L1 2.1699 | LPIPS 0.2781 | R1 0.0539 | 7.9s
2026-04-20 18:02:56.629 | INFO     | gleam.training.trainer:run_training:252 - epoch  22/300 | D 0.771 | G_adv 0.695 | L1 2.1682 | LPIPS 0.2827 | R1 0.0499 | 7.9s
2026-04-20 18:03:04.439 | INFO     | gleam.training.trainer:run_training:252 - epoch  23/300 | D 0.768 | G_adv 0.695 | L1 2.1278 | LPIPS 0.2794 | R1 0.0474 | 7.8s
2026-04-20 18:03:12.292 | INFO     | gleam.training.trainer:run_training:252 - epoch  24/300 | D 0.762 | G_adv 0.695 | L1 2.1301 | LPIPS 0.2777 | R1 0.0439 | 7.9s
2026-04-20 18:03:20.166 | INFO     | gleam.training.trainer:run_training:252 - epoch  25/300 | D 0.762 | G_adv 0.694 | L1 2.1040 | LPIPS 0.2830 | R1 0.0444 | 7.9s
2026-04-20 18:03:20.777 | INFO     | gleam.training.trainer:run_training:294 -   saved epoch_0025.pt
2026-04-20 18:03:28.588 | INFO     | gleam.training.trainer:run_training:252 - epoch  26/300 | D 0.755 | G_adv 0.694 | L1 2.0720 | LPIPS 0.2844 | R1 0.0402 | 7.8s
2026-04-20 18:03:36.520 | INFO     | gleam.training.trainer:run_training:252 - epoch  27/300 | D 0.754 | G_adv 0.693 | L1 2.0708 | LPIPS 0.2824 | R1 0.0394 | 7.9s
2026-04-20 18:03:44.366 | INFO     | gleam.training.trainer:run_training:252 - epoch  28/300 | D 0.749 | G_adv 0.693 | L1 2.0439 | LPIPS 0.2922 | R1 0.0362 | 7.8s
2026-04-20 18:03:52.208 | INFO     | gleam.training.trainer:run_training:252 - epoch  29/300 | D 0.747 | G_adv 0.692 | L1 1.9705 | LPIPS 0.2889 | R1 0.0347 | 7.8s
2026-04-20 18:04:00.091 | INFO     | gleam.training.trainer:run_training:252 - epoch  30/300 | D 0.745 | G_adv 0.692 | L1 1.9161 | LPIPS 0.2831 | R1 0.0341 | 7.9s
2026-04-20 18:04:00.674 | INFO     | gleam.training.trainer:run_training:260 -   val L1 (EMA): 0.0902
2026-04-20 18:04:08.618 | INFO     | gleam.training.trainer:run_training:252 - epoch  31/300 | D 0.743 | G_adv 0.692 | L1 1.8774 | LPIPS 0.2865 | R1 0.0323 | 7.9s
2026-04-20 18:04:16.558 | INFO     | gleam.training.trainer:run_training:252 - epoch  32/300 | D 0.739 | G_adv 0.691 | L1 1.8247 | LPIPS 0.2847 | R1 0.0303 | 7.9s
2026-04-20 18:04:24.493 | INFO     | gleam.training.trainer:run_training:252 - epoch  33/300 | D 0.738 | G_adv 0.691 | L1 1.8046 | LPIPS 0.2920 | R1 0.0296 | 7.9s
2026-04-20 18:04:32.369 | INFO     | gleam.training.trainer:run_training:252 - epoch  34/300 | D 0.735 | G_adv 0.692 | L1 1.7156 | LPIPS 0.2875 | R1 0.0280 | 7.9s
2026-04-20 18:04:40.239 | INFO     | gleam.training.trainer:run_training:252 - epoch  35/300 | D 0.734 | G_adv 0.692 | L1 1.6578 | LPIPS 0.2814 | R1 0.0274 | 7.9s
2026-04-20 18:04:48.069 | INFO     | gleam.training.trainer:run_training:252 - epoch  36/300 | D 0.733 | G_adv 0.692 | L1 1.6120 | LPIPS 0.2781 | R1 0.0268 | 7.8s
2026-04-20 18:04:56.015 | INFO     | gleam.training.trainer:run_training:252 - epoch  37/300 | D 0.731 | G_adv 0.692 | L1 1.5508 | LPIPS 0.2734 | R1 0.0256 | 7.9s
2026-04-20 18:05:03.877 | INFO     | gleam.training.trainer:run_training:252 - epoch  38/300 | D 0.730 | G_adv 0.692 | L1 1.4820 | LPIPS 0.2694 | R1 0.0248 | 7.9s
2026-04-20 18:05:11.727 | INFO     | gleam.training.trainer:run_training:252 - epoch  39/300 | D 0.729 | G_adv 0.691 | L1 1.4561 | LPIPS 0.2652 | R1 0.0242 | 7.8s
2026-04-20 18:05:19.662 | INFO     | gleam.training.trainer:run_training:252 - epoch  40/300 | D 0.727 | G_adv 0.692 | L1 1.4145 | LPIPS 0.2618 | R1 0.0227 | 7.9s
2026-04-20 18:05:20.259 | INFO     | gleam.training.trainer:run_training:260 -   val L1 (EMA): 0.0776
2026-04-20 18:05:28.200 | INFO     | gleam.training.trainer:run_training:252 - epoch  41/300 | D 0.730 | G_adv 0.691 | L1 1.3757 | LPIPS 0.2513 | R1 0.0245 | 7.9s
2026-04-20 18:05:36.062 | INFO     | gleam.training.trainer:run_training:252 - epoch  42/300 | D 0.726 | G_adv 0.692 | L1 1.3419 | LPIPS 0.2462 | R1 0.0215 | 7.9s
2026-04-20 18:05:43.879 | INFO     | gleam.training.trainer:run_training:252 - epoch  43/300 | D 0.726 | G_adv 0.692 | L1 1.3062 | LPIPS 0.2390 | R1 0.0214 | 7.8s
2026-04-20 18:05:51.804 | INFO     | gleam.training.trainer:run_training:252 - epoch  44/300 | D 0.724 | G_adv 0.692 | L1 1.2918 | LPIPS 0.2432 | R1 0.0204 | 7.9s
2026-04-20 18:05:59.668 | INFO     | gleam.training.trainer:run_training:252 - epoch  45/300 | D 0.723 | G_adv 0.692 | L1 1.2563 | LPIPS 0.2396 | R1 0.0200 | 7.9s
2026-04-20 18:06:07.496 | INFO     | gleam.training.trainer:run_training:252 - epoch  46/300 | D 0.723 | G_adv 0.691 | L1 1.2224 | LPIPS 0.2303 | R1 0.0197 | 7.8s
2026-04-20 18:06:15.308 | INFO     | gleam.training.trainer:run_training:252 - epoch  47/300 | D 0.722 | G_adv 0.692 | L1 1.2184 | LPIPS 0.2249 | R1 0.0193 | 7.8s
2026-04-20 18:06:23.203 | INFO     | gleam.training.trainer:run_training:252 - epoch  48/300 | D 0.721 | G_adv 0.692 | L1 1.1690 | LPIPS 0.2213 | R1 0.0185 | 7.9s
2026-04-20 18:06:31.028 | INFO     | gleam.training.trainer:run_training:252 - epoch  49/300 | D 0.719 | G_adv 0.692 | L1 1.1545 | LPIPS 0.2205 | R1 0.0171 | 7.8s
2026-04-20 18:06:38.896 | INFO     | gleam.training.trainer:run_training:252 - epoch  50/300 | D 0.721 | G_adv 0.693 | L1 1.1210 | LPIPS 0.2181 | R1 0.0181 | 7.9s
2026-04-20 18:06:39.500 | INFO     | gleam.training.trainer:run_training:260 -   val L1 (EMA): 0.0679
2026-04-20 18:06:40.162 | INFO     | gleam.training.trainer:run_training:294 -   saved epoch_0050.pt
2026-04-20 18:06:48.110 | INFO     | gleam.training.trainer:run_training:252 - epoch  51/300 | D 0.717 | G_adv 0.692 | L1 1.1162 | LPIPS 0.2154 | R1 0.0159 | 7.9s
2026-04-20 18:06:56.015 | INFO     | gleam.training.trainer:run_training:252 - epoch  52/300 | D 0.718 | G_adv 0.692 | L1 1.0863 | LPIPS 0.2056 | R1 0.0165 | 7.9s
2026-04-20 18:07:03.839 | INFO     | gleam.training.trainer:run_training:252 - epoch  53/300 | D 0.717 | G_adv 0.691 | L1 1.0621 | LPIPS 0.2071 | R1 0.0155 | 7.8s
2026-04-20 18:07:11.787 | INFO     | gleam.training.trainer:run_training:252 - epoch  54/300 | D 0.718 | G_adv 0.691 | L1 1.0547 | LPIPS 0.1998 | R1 0.0161 | 7.9s
2026-04-20 18:07:19.619 | INFO     | gleam.training.trainer:run_training:252 - epoch  55/300 | D 0.716 | G_adv 0.692 | L1 1.0316 | LPIPS 0.1980 | R1 0.0149 | 7.8s
2026-04-20 18:07:27.435 | INFO     | gleam.training.trainer:run_training:252 - epoch  56/300 | D 0.716 | G_adv 0.692 | L1 1.0077 | LPIPS 0.1919 | R1 0.0151 | 7.8s
2026-04-20 18:07:35.251 | INFO     | gleam.training.trainer:run_training:252 - epoch  57/300 | D 0.716 | G_adv 0.691 | L1 0.9752 | LPIPS 0.1836 | R1 0.0146 | 7.8s
2026-04-20 18:07:43.198 | INFO     | gleam.training.trainer:run_training:252 - epoch  58/300 | D 0.715 | G_adv 0.691 | L1 0.9589 | LPIPS 0.1802 | R1 0.0139 | 7.9s
2026-04-20 18:07:51.011 | INFO     | gleam.training.trainer:run_training:252 - epoch  59/300 | D 0.713 | G_adv 0.691 | L1 0.9463 | LPIPS 0.1756 | R1 0.0130 | 7.8s
2026-04-20 18:07:58.877 | INFO     | gleam.training.trainer:run_training:252 - epoch  60/300 | D 0.712 | G_adv 0.691 | L1 0.9402 | LPIPS 0.1716 | R1 0.0121 | 7.9s
2026-04-20 18:07:59.483 | INFO     | gleam.training.trainer:run_training:260 -   val L1 (EMA): 0.0592
2026-04-20 18:08:07.485 | INFO     | gleam.training.trainer:run_training:252 - epoch  61/300 | D 0.713 | G_adv 0.692 | L1 0.9174 | LPIPS 0.1725 | R1 0.0132 | 8.0s
2026-04-20 18:08:15.409 | INFO     | gleam.training.trainer:run_training:252 - epoch  62/300 | D 0.712 | G_adv 0.692 | L1 0.9232 | LPIPS 0.1684 | R1 0.0125 | 7.9s
2026-04-20 18:08:23.316 | INFO     | gleam.training.trainer:run_training:252 - epoch  63/300 | D 0.712 | G_adv 0.691 | L1 0.9137 | LPIPS 0.1666 | R1 0.0124 | 7.9s
2026-04-20 18:08:31.146 | INFO     | gleam.training.trainer:run_training:252 - epoch  64/300 | D 0.712 | G_adv 0.691 | L1 0.8889 | LPIPS 0.1619 | R1 0.0120 | 7.8s
2026-04-20 18:08:38.972 | INFO     | gleam.training.trainer:run_training:252 - epoch  65/300 | D 0.710 | G_adv 0.692 | L1 0.8676 | LPIPS 0.1588 | R1 0.0110 | 7.8s
2026-04-20 18:08:46.907 | INFO     | gleam.training.trainer:run_training:252 - epoch  66/300 | D 0.710 | G_adv 0.692 | L1 0.8753 | LPIPS 0.1564 | R1 0.0111 | 7.9s
2026-04-20 18:08:54.770 | INFO     | gleam.training.trainer:run_training:252 - epoch  67/300 | D 0.710 | G_adv 0.692 | L1 0.8624 | LPIPS 0.1524 | R1 0.0108 | 7.9s
2026-04-20 18:09:02.665 | INFO     | gleam.training.trainer:run_training:252 - epoch  68/300 | D 0.710 | G_adv 0.692 | L1 0.8426 | LPIPS 0.1483 | R1 0.0108 | 7.9s
2026-04-20 18:09:10.548 | INFO     | gleam.training.trainer:run_training:252 - epoch  69/300 | D 0.709 | G_adv 0.691 | L1 0.8459 | LPIPS 0.1500 | R1 0.0102 | 7.9s
2026-04-20 18:09:18.444 | INFO     | gleam.training.trainer:run_training:252 - epoch  70/300 | D 0.710 | G_adv 0.691 | L1 0.8280 | LPIPS 0.1462 | R1 0.0107 | 7.9s
2026-04-20 18:09:19.028 | INFO     | gleam.training.trainer:run_training:260 -   val L1 (EMA): 0.0502
2026-04-20 18:09:26.963 | INFO     | gleam.training.trainer:run_training:252 - epoch  71/300 | D 0.708 | G_adv 0.692 | L1 0.8123 | LPIPS 0.1435 | R1 0.0093 | 7.9s
2026-04-20 18:09:34.869 | INFO     | gleam.training.trainer:run_training:252 - epoch  72/300 | D 0.709 | G_adv 0.692 | L1 0.8006 | LPIPS 0.1401 | R1 0.0100 | 7.9s
2026-04-20 18:09:42.694 | INFO     | gleam.training.trainer:run_training:252 - epoch  73/300 | D 0.708 | G_adv 0.692 | L1 0.7963 | LPIPS 0.1380 | R1 0.0094 | 7.8s
2026-04-20 18:09:50.593 | INFO     | gleam.training.trainer:run_training:252 - epoch  74/300 | D 0.708 | G_adv 0.691 | L1 0.7916 | LPIPS 0.1368 | R1 0.0094 | 7.9s
2026-04-20 18:09:58.537 | INFO     | gleam.training.trainer:run_training:252 - epoch  75/300 | D 0.707 | G_adv 0.692 | L1 0.7860 | LPIPS 0.1354 | R1 0.0087 | 7.9s
2026-04-20 18:09:59.238 | INFO     | gleam.training.trainer:run_training:294 -   saved epoch_0075.pt
2026-04-20 18:10:07.182 | INFO     | gleam.training.trainer:run_training:252 - epoch  76/300 | D 0.707 | G_adv 0.691 | L1 0.7782 | LPIPS 0.1346 | R1 0.0088 | 7.9s
2026-04-20 18:10:15.123 | INFO     | gleam.training.trainer:run_training:252 - epoch  77/300 | D 0.706 | G_adv 0.692 | L1 0.7683 | LPIPS 0.1334 | R1 0.0082 | 7.9s
2026-04-20 18:10:22.943 | INFO     | gleam.training.trainer:run_training:252 - epoch  78/300 | D 0.707 | G_adv 0.691 | L1 0.7673 | LPIPS 0.1316 | R1 0.0087 | 7.8s
2026-04-20 18:10:30.827 | INFO     | gleam.training.trainer:run_training:252 - epoch  79/300 | D 0.706 | G_adv 0.692 | L1 0.7493 | LPIPS 0.1276 | R1 0.0082 | 7.9s
2026-04-20 18:10:38.778 | INFO     | gleam.training.trainer:run_training:252 - epoch  80/300 | D 0.706 | G_adv 0.691 | L1 0.7285 | LPIPS 0.1250 | R1 0.0081 | 8.0s
2026-04-20 18:10:39.380 | INFO     | gleam.training.trainer:run_training:260 -   val L1 (EMA): 0.0419
2026-04-20 18:10:47.338 | INFO     | gleam.training.trainer:run_training:252 - epoch  81/300 | D 0.705 | G_adv 0.692 | L1 0.7263 | LPIPS 0.1236 | R1 0.0074 | 7.9s
2026-04-20 18:10:55.174 | INFO     | gleam.training.trainer:run_training:252 - epoch  82/300 | D 0.705 | G_adv 0.692 | L1 0.7311 | LPIPS 0.1242 | R1 0.0075 | 7.8s
2026-04-20 18:11:02.998 | INFO     | gleam.training.trainer:run_training:252 - epoch  83/300 | D 0.705 | G_adv 0.691 | L1 0.7128 | LPIPS 0.1211 | R1 0.0074 | 7.8s
2026-04-20 18:11:10.850 | INFO     | gleam.training.trainer:run_training:252 - epoch  84/300 | D 0.705 | G_adv 0.692 | L1 0.6929 | LPIPS 0.1199 | R1 0.0075 | 7.9s
2026-04-20 18:11:18.739 | INFO     | gleam.training.trainer:run_training:252 - epoch  85/300 | D 0.705 | G_adv 0.692 | L1 0.6993 | LPIPS 0.1181 | R1 0.0076 | 7.9s
2026-04-20 18:11:26.594 | INFO     | gleam.training.trainer:run_training:252 - epoch  86/300 | D 0.705 | G_adv 0.691 | L1 0.6960 | LPIPS 0.1183 | R1 0.0074 | 7.9s
2026-04-20 18:11:34.413 | INFO     | gleam.training.trainer:run_training:252 - epoch  87/300 | D 0.705 | G_adv 0.691 | L1 0.7028 | LPIPS 0.1152 | R1 0.0074 | 7.8s
2026-04-20 18:11:42.304 | INFO     | gleam.training.trainer:run_training:252 - epoch  88/300 | D 0.704 | G_adv 0.692 | L1 0.6881 | LPIPS 0.1142 | R1 0.0069 | 7.9s
2026-04-20 18:11:50.171 | INFO     | gleam.training.trainer:run_training:252 - epoch  89/300 | D 0.704 | G_adv 0.692 | L1 0.6823 | LPIPS 0.1140 | R1 0.0069 | 7.9s
2026-04-20 18:11:58.027 | INFO     | gleam.training.trainer:run_training:252 - epoch  90/300 | D 0.703 | G_adv 0.692 | L1 0.6679 | LPIPS 0.1126 | R1 0.0064 | 7.9s
2026-04-20 18:11:58.628 | INFO     | gleam.training.trainer:run_training:260 -   val L1 (EMA): 0.0346
2026-04-20 18:12:06.605 | INFO     | gleam.training.trainer:run_training:252 - epoch  91/300 | D 0.704 | G_adv 0.692 | L1 0.6457 | LPIPS 0.1107 | R1 0.0067 | 7.9s
2026-04-20 18:12:14.430 | INFO     | gleam.training.trainer:run_training:252 - epoch  92/300 | D 0.703 | G_adv 0.692 | L1 0.6589 | LPIPS 0.1100 | R1 0.0064 | 7.8s
2026-04-20 18:12:22.369 | INFO     | gleam.training.trainer:run_training:252 - epoch  93/300 | D 0.703 | G_adv 0.692 | L1 0.6583 | LPIPS 0.1087 | R1 0.0061 | 7.9s
2026-04-20 18:12:30.193 | INFO     | gleam.training.trainer:run_training:252 - epoch  94/300 | D 0.702 | G_adv 0.692 | L1 0.6441 | LPIPS 0.1080 | R1 0.0059 | 7.8s
2026-04-20 18:12:38.058 | INFO     | gleam.training.trainer:run_training:252 - epoch  95/300 | D 0.703 | G_adv 0.692 | L1 0.6479 | LPIPS 0.1077 | R1 0.0062 | 7.9s
2026-04-20 18:12:45.918 | INFO     | gleam.training.trainer:run_training:252 - epoch  96/300 | D 0.703 | G_adv 0.692 | L1 0.6354 | LPIPS 0.1068 | R1 0.0061 | 7.9s
2026-04-20 18:12:53.804 | INFO     | gleam.training.trainer:run_training:252 - epoch  97/300 | D 0.703 | G_adv 0.691 | L1 0.6385 | LPIPS 0.1052 | R1 0.0061 | 7.9s
2026-04-20 18:13:01.694 | INFO     | gleam.training.trainer:run_training:252 - epoch  98/300 | D 0.703 | G_adv 0.692 | L1 0.6279 | LPIPS 0.1043 | R1 0.0060 | 7.9s
2026-04-20 18:13:09.615 | INFO     | gleam.training.trainer:run_training:252 - epoch  99/300 | D 0.701 | G_adv 0.692 | L1 0.6235 | LPIPS 0.1043 | R1 0.0053 | 7.9s
2026-04-20 18:13:17.530 | INFO     | gleam.training.trainer:run_training:252 - epoch 100/300 | D 0.701 | G_adv 0.691 | L1 0.6256 | LPIPS 0.1024 | R1 0.0053 | 7.9s
2026-04-20 18:13:18.147 | INFO     | gleam.training.trainer:run_training:260 -   val L1 (EMA): 0.0286
2026-04-20 18:13:18.723 | INFO     | gleam.training.trainer:run_training:294 -   saved epoch_0100.pt
2026-04-20 18:13:26.600 | INFO     | gleam.training.trainer:run_training:252 - epoch 101/300 | D 0.702 | G_adv 0.691 | L1 0.6081 | LPIPS 0.1020 | R1 0.0055 | 7.9s
2026-04-20 18:13:34.466 | INFO     | gleam.training.trainer:run_training:252 - epoch 102/300 | D 0.702 | G_adv 0.692 | L1 0.6014 | LPIPS 0.1006 | R1 0.0055 | 7.9s
2026-04-20 18:13:42.331 | INFO     | gleam.training.trainer:run_training:252 - epoch 103/300 | D 0.701 | G_adv 0.691 | L1 0.6010 | LPIPS 0.1004 | R1 0.0052 | 7.9s
2026-04-20 18:13:50.236 | INFO     | gleam.training.trainer:run_training:252 - epoch 104/300 | D 0.701 | G_adv 0.692 | L1 0.5899 | LPIPS 0.0992 | R1 0.0051 | 7.9s
2026-04-20 18:13:58.358 | INFO     | gleam.training.trainer:run_training:252 - epoch 105/300 | D 0.701 | G_adv 0.692 | L1 0.5972 | LPIPS 0.0982 | R1 0.0050 | 8.1s
2026-04-20 18:14:06.292 | INFO     | gleam.training.trainer:run_training:252 - epoch 106/300 | D 0.701 | G_adv 0.692 | L1 0.5957 | LPIPS 0.0987 | R1 0.0050 | 7.9s
2026-04-20 18:14:14.156 | INFO     | gleam.training.trainer:run_training:252 - epoch 107/300 | D 0.701 | G_adv 0.692 | L1 0.5826 | LPIPS 0.0969 | R1 0.0049 | 7.9s
2026-04-20 18:14:21.994 | INFO     | gleam.training.trainer:run_training:252 - epoch 108/300 | D 0.701 | G_adv 0.691 | L1 0.5834 | LPIPS 0.0975 | R1 0.0051 | 7.8s
2026-04-20 18:14:29.872 | INFO     | gleam.training.trainer:run_training:252 - epoch 109/300 | D 0.700 | G_adv 0.692 | L1 0.5739 | LPIPS 0.0949 | R1 0.0047 | 7.9s
2026-04-20 18:14:37.686 | INFO     | gleam.training.trainer:run_training:252 - epoch 110/300 | D 0.700 | G_adv 0.691 | L1 0.5694 | LPIPS 0.0947 | R1 0.0047 | 7.8s
2026-04-20 18:14:38.281 | INFO     | gleam.training.trainer:run_training:260 -   val L1 (EMA): 0.0242
2026-04-20 18:14:46.202 | INFO     | gleam.training.trainer:run_training:252 - epoch 111/300 | D 0.701 | G_adv 0.692 | L1 0.5683 | LPIPS 0.0942 | R1 0.0049 | 7.9s
2026-04-20 18:14:54.048 | INFO     | gleam.training.trainer:run_training:252 - epoch 112/300 | D 0.700 | G_adv 0.692 | L1 0.5544 | LPIPS 0.0932 | R1 0.0044 | 7.8s
2026-04-20 18:15:01.978 | INFO     | gleam.training.trainer:run_training:252 - epoch 113/300 | D 0.700 | G_adv 0.691 | L1 0.5596 | LPIPS 0.0926 | R1 0.0046 | 7.9s
2026-04-20 18:15:09.834 | INFO     | gleam.training.trainer:run_training:252 - epoch 114/300 | D 0.700 | G_adv 0.691 | L1 0.5457 | LPIPS 0.0909 | R1 0.0044 | 7.9s
2026-04-20 18:15:17.764 | INFO     | gleam.training.trainer:run_training:252 - epoch 115/300 | D 0.700 | G_adv 0.692 | L1 0.5519 | LPIPS 0.0914 | R1 0.0045 | 7.9s
2026-04-20 18:15:25.653 | INFO     | gleam.training.trainer:run_training:252 - epoch 116/300 | D 0.700 | G_adv 0.691 | L1 0.5457 | LPIPS 0.0913 | R1 0.0043 | 7.9s
2026-04-20 18:15:33.564 | INFO     | gleam.training.trainer:run_training:252 - epoch 117/300 | D 0.700 | G_adv 0.692 | L1 0.5505 | LPIPS 0.0903 | R1 0.0046 | 7.9s
2026-04-20 18:15:41.525 | INFO     | gleam.training.trainer:run_training:252 - epoch 118/300 | D 0.700 | G_adv 0.691 | L1 0.5431 | LPIPS 0.0900 | R1 0.0044 | 8.0s
2026-04-20 18:15:49.376 | INFO     | gleam.training.trainer:run_training:252 - epoch 119/300 | D 0.700 | G_adv 0.692 | L1 0.5659 | LPIPS 0.0898 | R1 0.0043 | 7.9s
2026-04-20 18:15:57.233 | INFO     | gleam.training.trainer:run_training:252 - epoch 120/300 | D 0.699 | G_adv 0.691 | L1 0.5430 | LPIPS 0.0898 | R1 0.0040 | 7.9s
2026-04-20 18:15:57.803 | INFO     | gleam.training.trainer:run_training:260 -   val L1 (EMA): 0.0207
2026-04-20 18:16:05.741 | INFO     | gleam.training.trainer:run_training:252 - epoch 121/300 | D 0.699 | G_adv 0.692 | L1 0.5417 | LPIPS 0.0879 | R1 0.0041 | 7.9s
2026-04-20 18:16:13.671 | INFO     | gleam.training.trainer:run_training:252 - epoch 122/300 | D 0.699 | G_adv 0.691 | L1 0.5359 | LPIPS 0.0880 | R1 0.0041 | 7.9s
2026-04-20 18:16:21.536 | INFO     | gleam.training.trainer:run_training:252 - epoch 123/300 | D 0.699 | G_adv 0.692 | L1 0.5337 | LPIPS 0.0881 | R1 0.0038 | 7.9s
2026-04-20 18:16:29.355 | INFO     | gleam.training.trainer:run_training:252 - epoch 124/300 | D 0.699 | G_adv 0.691 | L1 0.5247 | LPIPS 0.0864 | R1 0.0038 | 7.8s
2026-04-20 18:16:37.267 | INFO     | gleam.training.trainer:run_training:252 - epoch 125/300 | D 0.699 | G_adv 0.692 | L1 0.5173 | LPIPS 0.0866 | R1 0.0040 | 7.9s
2026-04-20 18:16:37.757 | INFO     | gleam.training.trainer:run_training:294 -   saved epoch_0125.pt
2026-04-20 18:16:45.657 | INFO     | gleam.training.trainer:run_training:252 - epoch 126/300 | D 0.699 | G_adv 0.692 | L1 0.5153 | LPIPS 0.0854 | R1 0.0037 | 7.9s
2026-04-20 18:16:53.499 | INFO     | gleam.training.trainer:run_training:252 - epoch 127/300 | D 0.699 | G_adv 0.692 | L1 0.5223 | LPIPS 0.0854 | R1 0.0037 | 7.8s
2026-04-20 18:17:01.449 | INFO     | gleam.training.trainer:run_training:252 - epoch 128/300 | D 0.699 | G_adv 0.692 | L1 0.5216 | LPIPS 0.0849 | R1 0.0035 | 7.9s
2026-04-20 18:17:09.369 | INFO     | gleam.training.trainer:run_training:252 - epoch 129/300 | D 0.699 | G_adv 0.691 | L1 0.5099 | LPIPS 0.0850 | R1 0.0036 | 7.9s
2026-04-20 18:17:17.206 | INFO     | gleam.training.trainer:run_training:252 - epoch 130/300 | D 0.699 | G_adv 0.692 | L1 0.5105 | LPIPS 0.0844 | R1 0.0037 | 7.8s
2026-04-20 18:17:17.829 | INFO     | gleam.training.trainer:run_training:260 -   val L1 (EMA): 0.0182
2026-04-20 18:17:25.807 | INFO     | gleam.training.trainer:run_training:252 - epoch 131/300 | D 0.699 | G_adv 0.691 | L1 0.5230 | LPIPS 0.0840 | R1 0.0037 | 7.9s
2026-04-20 18:17:33.713 | INFO     | gleam.training.trainer:run_training:252 - epoch 132/300 | D 0.698 | G_adv 0.691 | L1 0.5168 | LPIPS 0.0838 | R1 0.0033 | 7.9s
2026-04-20 18:17:41.627 | INFO     | gleam.training.trainer:run_training:252 - epoch 133/300 | D 0.699 | G_adv 0.691 | L1 0.5084 | LPIPS 0.0831 | R1 0.0036 | 7.9s
2026-04-20 18:17:49.473 | INFO     | gleam.training.trainer:run_training:252 - epoch 134/300 | D 0.699 | G_adv 0.691 | L1 0.5032 | LPIPS 0.0829 | R1 0.0034 | 7.8s
2026-04-20 18:17:57.280 | INFO     | gleam.training.trainer:run_training:252 - epoch 135/300 | D 0.698 | G_adv 0.692 | L1 0.5016 | LPIPS 0.0827 | R1 0.0034 | 7.8s
2026-04-20 18:18:05.164 | INFO     | gleam.training.trainer:run_training:252 - epoch 136/300 | D 0.699 | G_adv 0.691 | L1 0.4980 | LPIPS 0.0822 | R1 0.0035 | 7.9s
2026-04-20 18:18:13.037 | INFO     | gleam.training.trainer:run_training:252 - epoch 137/300 | D 0.698 | G_adv 0.692 | L1 0.4936 | LPIPS 0.0811 | R1 0.0032 | 7.9s
2026-04-20 18:18:20.975 | INFO     | gleam.training.trainer:run_training:252 - epoch 138/300 | D 0.698 | G_adv 0.691 | L1 0.4973 | LPIPS 0.0811 | R1 0.0033 | 7.9s
2026-04-20 18:18:28.773 | INFO     | gleam.training.trainer:run_training:252 - epoch 139/300 | D 0.698 | G_adv 0.692 | L1 0.4950 | LPIPS 0.0810 | R1 0.0033 | 7.8s
2026-04-20 18:18:36.611 | INFO     | gleam.training.trainer:run_training:252 - epoch 140/300 | D 0.698 | G_adv 0.691 | L1 0.5013 | LPIPS 0.0800 | R1 0.0030 | 7.8s
2026-04-20 18:18:37.235 | INFO     | gleam.training.trainer:run_training:260 -   val L1 (EMA): 0.0164
2026-04-20 18:18:45.172 | INFO     | gleam.training.trainer:run_training:252 - epoch 141/300 | D 0.698 | G_adv 0.691 | L1 0.4872 | LPIPS 0.0800 | R1 0.0033 | 7.9s
2026-04-20 18:18:53.019 | INFO     | gleam.training.trainer:run_training:252 - epoch 142/300 | D 0.698 | G_adv 0.690 | L1 0.4876 | LPIPS 0.0797 | R1 0.0032 | 7.8s
2026-04-20 18:19:00.929 | INFO     | gleam.training.trainer:run_training:252 - epoch 143/300 | D 0.698 | G_adv 0.693 | L1 0.4885 | LPIPS 0.0805 | R1 0.0031 | 7.9s
2026-04-20 18:19:08.862 | INFO     | gleam.training.trainer:run_training:252 - epoch 144/300 | D 0.698 | G_adv 0.690 | L1 0.4912 | LPIPS 0.0806 | R1 0.0033 | 7.9s
2026-04-20 18:19:16.767 | INFO     | gleam.training.trainer:run_training:252 - epoch 145/300 | D 0.699 | G_adv 0.693 | L1 0.4861 | LPIPS 0.0795 | R1 0.0034 | 7.9s
2026-04-20 18:19:24.651 | INFO     | gleam.training.trainer:run_training:252 - epoch 146/300 | D 0.698 | G_adv 0.689 | L1 0.4835 | LPIPS 0.0787 | R1 0.0034 | 7.9s
2026-04-20 18:19:32.614 | INFO     | gleam.training.trainer:run_training:252 - epoch 147/300 | D 0.699 | G_adv 0.694 | L1 0.4797 | LPIPS 0.0787 | R1 0.0038 | 8.0s
2026-04-20 18:19:40.486 | INFO     | gleam.training.trainer:run_training:252 - epoch 148/300 | D 0.700 | G_adv 0.689 | L1 0.4796 | LPIPS 0.0788 | R1 0.0041 | 7.9s
2026-04-20 18:19:48.346 | INFO     | gleam.training.trainer:run_training:252 - epoch 149/300 | D 0.700 | G_adv 0.695 | L1 0.4705 | LPIPS 0.0777 | R1 0.0044 | 7.9s
2026-04-20 18:19:56.162 | INFO     | gleam.training.trainer:run_training:252 - epoch 150/300 | D 0.701 | G_adv 0.689 | L1 0.4691 | LPIPS 0.0769 | R1 0.0047 | 7.8s
2026-04-20 18:19:56.792 | INFO     | gleam.training.trainer:run_training:260 -   val L1 (EMA): 0.0150
2026-04-20 18:19:57.092 | INFO     | gleam.training.trainer:run_training:294 -   saved epoch_0150.pt
2026-04-20 18:20:05.034 | INFO     | gleam.training.trainer:run_training:252 - epoch 151/300 | D 0.701 | G_adv 0.695 | L1 0.4663 | LPIPS 0.0767 | R1 0.0052 | 7.9s
2026-04-20 18:20:12.947 | INFO     | gleam.training.trainer:run_training:252 - epoch 152/300 | D 0.702 | G_adv 0.689 | L1 0.4657 | LPIPS 0.0770 | R1 0.0054 | 7.9s
2026-04-20 18:20:20.826 | INFO     | gleam.training.trainer:run_training:252 - epoch 153/300 | D 0.701 | G_adv 0.694 | L1 0.4662 | LPIPS 0.0768 | R1 0.0050 | 7.9s
2026-04-20 18:20:28.702 | INFO     | gleam.training.trainer:run_training:252 - epoch 154/300 | D 0.700 | G_adv 0.690 | L1 0.4527 | LPIPS 0.0763 | R1 0.0042 | 7.9s
2026-04-20 18:20:36.650 | INFO     | gleam.training.trainer:run_training:252 - epoch 155/300 | D 0.699 | G_adv 0.693 | L1 0.4507 | LPIPS 0.0754 | R1 0.0035 | 7.9s
2026-04-20 18:20:44.532 | INFO     | gleam.training.trainer:run_training:252 - epoch 156/300 | D 0.698 | G_adv 0.691 | L1 0.4566 | LPIPS 0.0751 | R1 0.0032 | 7.9s
2026-04-20 18:20:52.477 | INFO     | gleam.training.trainer:run_training:252 - epoch 157/300 | D 0.698 | G_adv 0.693 | L1 0.4531 | LPIPS 0.0749 | R1 0.0028 | 7.9s
2026-04-20 18:21:00.407 | INFO     | gleam.training.trainer:run_training:252 - epoch 158/300 | D 0.697 | G_adv 0.691 | L1 0.4502 | LPIPS 0.0747 | R1 0.0026 | 7.9s
2026-04-20 18:21:08.342 | INFO     | gleam.training.trainer:run_training:252 - epoch 159/300 | D 0.697 | G_adv 0.692 | L1 0.4472 | LPIPS 0.0749 | R1 0.0026 | 7.9s
2026-04-20 18:21:16.256 | INFO     | gleam.training.trainer:run_training:252 - epoch 160/300 | D 0.697 | G_adv 0.691 | L1 0.4500 | LPIPS 0.0737 | R1 0.0024 | 7.9s
2026-04-20 18:21:16.865 | INFO     | gleam.training.trainer:run_training:260 -   val L1 (EMA): 0.0138
2026-04-20 18:21:24.753 | INFO     | gleam.training.trainer:run_training:252 - epoch 161/300 | D 0.697 | G_adv 0.692 | L1 0.4483 | LPIPS 0.0741 | R1 0.0023 | 7.9s
2026-04-20 18:21:32.670 | INFO     | gleam.training.trainer:run_training:252 - epoch 162/300 | D 0.697 | G_adv 0.691 | L1 0.4456 | LPIPS 0.0743 | R1 0.0025 | 7.9s
2026-04-20 18:21:40.570 | INFO     | gleam.training.trainer:run_training:252 - epoch 163/300 | D 0.697 | G_adv 0.692 | L1 0.4392 | LPIPS 0.0731 | R1 0.0023 | 7.9s
2026-04-20 18:21:48.463 | INFO     | gleam.training.trainer:run_training:252 - epoch 164/300 | D 0.697 | G_adv 0.691 | L1 0.4333 | LPIPS 0.0734 | R1 0.0025 | 7.9s
2026-04-20 18:21:56.316 | INFO     | gleam.training.trainer:run_training:252 - epoch 165/300 | D 0.697 | G_adv 0.691 | L1 0.4320 | LPIPS 0.0726 | R1 0.0023 | 7.9s
2026-04-20 18:22:04.227 | INFO     | gleam.training.trainer:run_training:252 - epoch 166/300 | D 0.697 | G_adv 0.691 | L1 0.4220 | LPIPS 0.0726 | R1 0.0023 | 7.9s
2026-04-20 18:22:12.168 | INFO     | gleam.training.trainer:run_training:252 - epoch 167/300 | D 0.697 | G_adv 0.691 | L1 0.4253 | LPIPS 0.0718 | R1 0.0023 | 7.9s
2026-04-20 18:22:20.010 | INFO     | gleam.training.trainer:run_training:252 - epoch 168/300 | D 0.697 | G_adv 0.692 | L1 0.4269 | LPIPS 0.0717 | R1 0.0022 | 7.8s
2026-04-20 18:22:27.831 | INFO     | gleam.training.trainer:run_training:252 - epoch 169/300 | D 0.697 | G_adv 0.692 | L1 0.4263 | LPIPS 0.0707 | R1 0.0022 | 7.8s
2026-04-20 18:22:35.773 | INFO     | gleam.training.trainer:run_training:252 - epoch 170/300 | D 0.697 | G_adv 0.692 | L1 0.4220 | LPIPS 0.0714 | R1 0.0022 | 7.9s
2026-04-20 18:22:36.376 | INFO     | gleam.training.trainer:run_training:260 -   val L1 (EMA): 0.0128
2026-04-20 18:22:44.262 | INFO     | gleam.training.trainer:run_training:252 - epoch 171/300 | D 0.697 | G_adv 0.691 | L1 0.4101 | LPIPS 0.0711 | R1 0.0022 | 7.9s
2026-04-20 18:22:52.098 | INFO     | gleam.training.trainer:run_training:252 - epoch 172/300 | D 0.697 | G_adv 0.691 | L1 0.4135 | LPIPS 0.0700 | R1 0.0022 | 7.8s
2026-04-20 18:23:00.055 | INFO     | gleam.training.trainer:run_training:252 - epoch 173/300 | D 0.696 | G_adv 0.692 | L1 0.4200 | LPIPS 0.0700 | R1 0.0022 | 8.0s
2026-04-20 18:23:08.033 | INFO     | gleam.training.trainer:run_training:252 - epoch 174/300 | D 0.697 | G_adv 0.691 | L1 0.4190 | LPIPS 0.0696 | R1 0.0022 | 8.0s
2026-04-20 18:23:15.866 | INFO     | gleam.training.trainer:run_training:252 - epoch 175/300 | D 0.696 | G_adv 0.692 | L1 0.4109 | LPIPS 0.0687 | R1 0.0020 | 7.8s
2026-04-20 18:23:16.256 | INFO     | gleam.training.trainer:run_training:294 -   saved epoch_0175.pt
2026-04-20 18:23:24.146 | INFO     | gleam.training.trainer:run_training:252 - epoch 176/300 | D 0.696 | G_adv 0.691 | L1 0.4100 | LPIPS 0.0690 | R1 0.0021 | 7.9s
2026-04-20 18:23:31.990 | INFO     | gleam.training.trainer:run_training:252 - epoch 177/300 | D 0.696 | G_adv 0.692 | L1 0.4042 | LPIPS 0.0689 | R1 0.0020 | 7.8s
2026-04-20 18:23:39.844 | INFO     | gleam.training.trainer:run_training:252 - epoch 178/300 | D 0.696 | G_adv 0.692 | L1 0.4058 | LPIPS 0.0675 | R1 0.0020 | 7.9s
2026-04-20 18:23:47.781 | INFO     | gleam.training.trainer:run_training:252 - epoch 179/300 | D 0.696 | G_adv 0.692 | L1 0.3997 | LPIPS 0.0678 | R1 0.0019 | 7.9s
2026-04-20 18:23:55.606 | INFO     | gleam.training.trainer:run_training:252 - epoch 180/300 | D 0.696 | G_adv 0.692 | L1 0.3939 | LPIPS 0.0672 | R1 0.0019 | 7.8s
2026-04-20 18:23:56.239 | INFO     | gleam.training.trainer:run_training:260 -   val L1 (EMA): 0.0120
2026-04-20 18:24:04.187 | INFO     | gleam.training.trainer:run_training:252 - epoch 181/300 | D 0.696 | G_adv 0.692 | L1 0.3933 | LPIPS 0.0666 | R1 0.0020 | 7.9s
2026-04-20 18:24:12.085 | INFO     | gleam.training.trainer:run_training:252 - epoch 182/300 | D 0.696 | G_adv 0.691 | L1 0.3925 | LPIPS 0.0669 | R1 0.0019 | 7.9s
2026-04-20 18:24:19.898 | INFO     | gleam.training.trainer:run_training:252 - epoch 183/300 | D 0.696 | G_adv 0.692 | L1 0.3906 | LPIPS 0.0661 | R1 0.0019 | 7.8s
2026-04-20 18:24:27.861 | INFO     | gleam.training.trainer:run_training:252 - epoch 184/300 | D 0.696 | G_adv 0.692 | L1 0.3893 | LPIPS 0.0659 | R1 0.0018 | 8.0s
2026-04-20 18:24:35.799 | INFO     | gleam.training.trainer:run_training:252 - epoch 185/300 | D 0.696 | G_adv 0.692 | L1 0.3926 | LPIPS 0.0655 | R1 0.0019 | 7.9s
2026-04-20 18:24:43.686 | INFO     | gleam.training.trainer:run_training:252 - epoch 186/300 | D 0.696 | G_adv 0.692 | L1 0.3885 | LPIPS 0.0659 | R1 0.0019 | 7.9s
2026-04-20 18:24:51.606 | INFO     | gleam.training.trainer:run_training:252 - epoch 187/300 | D 0.696 | G_adv 0.691 | L1 0.3810 | LPIPS 0.0653 | R1 0.0019 | 7.9s
2026-04-20 18:24:59.572 | INFO     | gleam.training.trainer:run_training:252 - epoch 188/300 | D 0.696 | G_adv 0.692 | L1 0.3811 | LPIPS 0.0654 | R1 0.0018 | 8.0s
2026-04-20 18:25:07.458 | INFO     | gleam.training.trainer:run_training:252 - epoch 189/300 | D 0.696 | G_adv 0.691 | L1 0.3742 | LPIPS 0.0641 | R1 0.0018 | 7.9s
2026-04-20 18:25:15.311 | INFO     | gleam.training.trainer:run_training:252 - epoch 190/300 | D 0.696 | G_adv 0.692 | L1 0.3805 | LPIPS 0.0645 | R1 0.0018 | 7.9s
2026-04-20 18:25:15.940 | INFO     | gleam.training.trainer:run_training:260 -   val L1 (EMA): 0.0113
2026-04-20 18:25:23.894 | INFO     | gleam.training.trainer:run_training:252 - epoch 191/300 | D 0.696 | G_adv 0.691 | L1 0.3768 | LPIPS 0.0641 | R1 0.0018 | 7.9s
2026-04-20 18:25:31.887 | INFO     | gleam.training.trainer:run_training:252 - epoch 192/300 | D 0.696 | G_adv 0.692 | L1 0.3688 | LPIPS 0.0634 | R1 0.0018 | 8.0s
2026-04-20 18:25:39.813 | INFO     | gleam.training.trainer:run_training:252 - epoch 193/300 | D 0.696 | G_adv 0.691 | L1 0.3676 | LPIPS 0.0634 | R1 0.0017 | 7.9s
2026-04-20 18:25:47.665 | INFO     | gleam.training.trainer:run_training:252 - epoch 194/300 | D 0.696 | G_adv 0.692 | L1 0.3657 | LPIPS 0.0629 | R1 0.0017 | 7.9s
2026-04-20 18:25:55.569 | INFO     | gleam.training.trainer:run_training:252 - epoch 195/300 | D 0.696 | G_adv 0.691 | L1 0.3668 | LPIPS 0.0625 | R1 0.0017 | 7.9s
2026-04-20 18:26:03.526 | INFO     | gleam.training.trainer:run_training:252 - epoch 196/300 | D 0.696 | G_adv 0.692 | L1 0.3716 | LPIPS 0.0628 | R1 0.0017 | 8.0s
2026-04-20 18:26:11.345 | INFO     | gleam.training.trainer:run_training:252 - epoch 197/300 | D 0.696 | G_adv 0.692 | L1 0.3613 | LPIPS 0.0622 | R1 0.0017 | 7.8s
2026-04-20 18:26:19.212 | INFO     | gleam.training.trainer:run_training:252 - epoch 198/300 | D 0.696 | G_adv 0.692 | L1 0.3663 | LPIPS 0.0628 | R1 0.0016 | 7.9s
2026-04-20 18:26:27.088 | INFO     | gleam.training.trainer:run_training:252 - epoch 199/300 | D 0.696 | G_adv 0.691 | L1 0.3627 | LPIPS 0.0618 | R1 0.0017 | 7.9s
2026-04-20 18:26:34.986 | INFO     | gleam.training.trainer:run_training:252 - epoch 200/300 | D 0.696 | G_adv 0.693 | L1 0.3625 | LPIPS 0.0612 | R1 0.0016 | 7.9s
2026-04-20 18:26:35.588 | INFO     | gleam.training.trainer:run_training:260 -   val L1 (EMA): 0.0107
2026-04-20 18:26:35.912 | INFO     | gleam.training.trainer:run_training:294 -   saved epoch_0200.pt
2026-04-20 18:26:43.809 | INFO     | gleam.training.trainer:run_training:252 - epoch 201/300 | D 0.696 | G_adv 0.691 | L1 0.3580 | LPIPS 0.0605 | R1 0.0017 | 7.9s
2026-04-20 18:26:51.682 | INFO     | gleam.training.trainer:run_training:252 - epoch 202/300 | D 0.696 | G_adv 0.693 | L1 0.3535 | LPIPS 0.0600 | R1 0.0016 | 7.9s
2026-04-20 18:26:59.509 | INFO     | gleam.training.trainer:run_training:252 - epoch 203/300 | D 0.696 | G_adv 0.691 | L1 0.3541 | LPIPS 0.0607 | R1 0.0016 | 7.8s
2026-04-20 18:27:07.405 | INFO     | gleam.training.trainer:run_training:252 - epoch 204/300 | D 0.696 | G_adv 0.693 | L1 0.3464 | LPIPS 0.0602 | R1 0.0016 | 7.9s
2026-04-20 18:27:15.337 | INFO     | gleam.training.trainer:run_training:252 - epoch 205/300 | D 0.696 | G_adv 0.690 | L1 0.3494 | LPIPS 0.0602 | R1 0.0017 | 7.9s
2026-04-20 18:27:23.230 | INFO     | gleam.training.trainer:run_training:252 - epoch 206/300 | D 0.696 | G_adv 0.694 | L1 0.3464 | LPIPS 0.0597 | R1 0.0017 | 7.9s
2026-04-20 18:27:31.138 | INFO     | gleam.training.trainer:run_training:252 - epoch 207/300 | D 0.696 | G_adv 0.690 | L1 0.3412 | LPIPS 0.0589 | R1 0.0017 | 7.9s
2026-04-20 18:27:38.979 | INFO     | gleam.training.trainer:run_training:252 - epoch 208/300 | D 0.696 | G_adv 0.694 | L1 0.3430 | LPIPS 0.0589 | R1 0.0018 | 7.8s
2026-04-20 18:27:46.887 | INFO     | gleam.training.trainer:run_training:252 - epoch 209/300 | D 0.696 | G_adv 0.690 | L1 0.3457 | LPIPS 0.0584 | R1 0.0017 | 7.9s
2026-04-20 18:27:54.709 | INFO     | gleam.training.trainer:run_training:252 - epoch 210/300 | D 0.696 | G_adv 0.695 | L1 0.3433 | LPIPS 0.0586 | R1 0.0017 | 7.8s
2026-04-20 18:27:55.286 | INFO     | gleam.training.trainer:run_training:260 -   val L1 (EMA): 0.0102
2026-04-20 18:28:03.161 | INFO     | gleam.training.trainer:run_training:252 - epoch 211/300 | D 0.696 | G_adv 0.690 | L1 0.3486 | LPIPS 0.0585 | R1 0.0016 | 7.8s
2026-04-20 18:28:11.006 | INFO     | gleam.training.trainer:run_training:252 - epoch 212/300 | D 0.696 | G_adv 0.694 | L1 0.3365 | LPIPS 0.0579 | R1 0.0017 | 7.8s
2026-04-20 18:28:18.970 | INFO     | gleam.training.trainer:run_training:252 - epoch 213/300 | D 0.696 | G_adv 0.689 | L1 0.3276 | LPIPS 0.0574 | R1 0.0017 | 8.0s
2026-04-20 18:28:26.797 | INFO     | gleam.training.trainer:run_training:252 - epoch 214/300 | D 0.696 | G_adv 0.695 | L1 0.3278 | LPIPS 0.0586 | R1 0.0018 | 7.8s
2026-04-20 18:28:34.611 | INFO     | gleam.training.trainer:run_training:252 - epoch 215/300 | D 0.696 | G_adv 0.690 | L1 0.3313 | LPIPS 0.0584 | R1 0.0018 | 7.8s
2026-04-20 18:28:42.447 | INFO     | gleam.training.trainer:run_training:252 - epoch 216/300 | D 0.696 | G_adv 0.694 | L1 0.3329 | LPIPS 0.0571 | R1 0.0019 | 7.8s
2026-04-20 18:28:50.401 | INFO     | gleam.training.trainer:run_training:252 - epoch 217/300 | D 0.696 | G_adv 0.690 | L1 0.3289 | LPIPS 0.0567 | R1 0.0018 | 8.0s
2026-04-20 18:28:58.214 | INFO     | gleam.training.trainer:run_training:252 - epoch 218/300 | D 0.696 | G_adv 0.695 | L1 0.3344 | LPIPS 0.0570 | R1 0.0018 | 7.8s
2026-04-20 18:29:06.157 | INFO     | gleam.training.trainer:run_training:252 - epoch 219/300 | D 0.696 | G_adv 0.690 | L1 0.3272 | LPIPS 0.0562 | R1 0.0017 | 7.9s
2026-04-20 18:29:14.102 | INFO     | gleam.training.trainer:run_training:252 - epoch 220/300 | D 0.696 | G_adv 0.694 | L1 0.3259 | LPIPS 0.0564 | R1 0.0017 | 7.9s
2026-04-20 18:29:14.729 | INFO     | gleam.training.trainer:run_training:260 -   val L1 (EMA): 0.0097
2026-04-20 18:29:22.734 | INFO     | gleam.training.trainer:run_training:252 - epoch 221/300 | D 0.696 | G_adv 0.691 | L1 0.3252 | LPIPS 0.0560 | R1 0.0016 | 8.0s
2026-04-20 18:29:30.590 | INFO     | gleam.training.trainer:run_training:252 - epoch 222/300 | D 0.696 | G_adv 0.694 | L1 0.3232 | LPIPS 0.0561 | R1 0.0017 | 7.9s
2026-04-20 18:29:38.536 | INFO     | gleam.training.trainer:run_training:252 - epoch 223/300 | D 0.695 | G_adv 0.691 | L1 0.3261 | LPIPS 0.0561 | R1 0.0015 | 7.9s
2026-04-20 18:29:46.413 | INFO     | gleam.training.trainer:run_training:252 - epoch 224/300 | D 0.696 | G_adv 0.693 | L1 0.3270 | LPIPS 0.0557 | R1 0.0015 | 7.9s
2026-04-20 18:29:54.407 | INFO     | gleam.training.trainer:run_training:252 - epoch 225/300 | D 0.695 | G_adv 0.691 | L1 0.3192 | LPIPS 0.0552 | R1 0.0015 | 8.0s
2026-04-20 18:29:54.984 | INFO     | gleam.training.trainer:run_training:294 -   saved epoch_0225.pt
2026-04-20 18:30:02.884 | INFO     | gleam.training.trainer:run_training:252 - epoch 226/300 | D 0.695 | G_adv 0.693 | L1 0.3212 | LPIPS 0.0552 | R1 0.0015 | 7.9s
2026-04-20 18:30:10.826 | INFO     | gleam.training.trainer:run_training:252 - epoch 227/300 | D 0.695 | G_adv 0.691 | L1 0.3188 | LPIPS 0.0552 | R1 0.0014 | 7.9s
2026-04-20 18:30:18.646 | INFO     | gleam.training.trainer:run_training:252 - epoch 228/300 | D 0.695 | G_adv 0.693 | L1 0.3191 | LPIPS 0.0543 | R1 0.0014 | 7.8s
2026-04-20 18:30:26.547 | INFO     | gleam.training.trainer:run_training:252 - epoch 229/300 | D 0.695 | G_adv 0.691 | L1 0.3178 | LPIPS 0.0547 | R1 0.0014 | 7.9s
2026-04-20 18:30:34.485 | INFO     | gleam.training.trainer:run_training:252 - epoch 230/300 | D 0.695 | G_adv 0.693 | L1 0.3198 | LPIPS 0.0545 | R1 0.0014 | 7.9s
2026-04-20 18:30:35.174 | INFO     | gleam.training.trainer:run_training:260 -   val L1 (EMA): 0.0094
2026-04-20 18:30:43.051 | INFO     | gleam.training.trainer:run_training:252 - epoch 231/300 | D 0.695 | G_adv 0.692 | L1 0.3192 | LPIPS 0.0546 | R1 0.0013 | 7.9s
2026-04-20 18:30:50.948 | INFO     | gleam.training.trainer:run_training:252 - epoch 232/300 | D 0.695 | G_adv 0.693 | L1 0.3169 | LPIPS 0.0543 | R1 0.0014 | 7.9s
2026-04-20 18:30:58.914 | INFO     | gleam.training.trainer:run_training:252 - epoch 233/300 | D 0.695 | G_adv 0.691 | L1 0.3107 | LPIPS 0.0546 | R1 0.0014 | 8.0s
2026-04-20 18:31:06.878 | INFO     | gleam.training.trainer:run_training:252 - epoch 234/300 | D 0.695 | G_adv 0.693 | L1 0.3110 | LPIPS 0.0535 | R1 0.0013 | 8.0s
2026-04-20 18:31:14.697 | INFO     | gleam.training.trainer:run_training:252 - epoch 235/300 | D 0.695 | G_adv 0.691 | L1 0.3121 | LPIPS 0.0537 | R1 0.0014 | 7.8s
2026-04-20 18:31:22.570 | INFO     | gleam.training.trainer:run_training:252 - epoch 236/300 | D 0.695 | G_adv 0.693 | L1 0.3109 | LPIPS 0.0532 | R1 0.0013 | 7.9s
2026-04-20 18:31:30.506 | INFO     | gleam.training.trainer:run_training:252 - epoch 237/300 | D 0.695 | G_adv 0.692 | L1 0.3043 | LPIPS 0.0535 | R1 0.0013 | 7.9s
2026-04-20 18:31:38.421 | INFO     | gleam.training.trainer:run_training:252 - epoch 238/300 | D 0.695 | G_adv 0.692 | L1 0.3119 | LPIPS 0.0535 | R1 0.0013 | 7.9s
2026-04-20 18:31:46.277 | INFO     | gleam.training.trainer:run_training:252 - epoch 239/300 | D 0.695 | G_adv 0.692 | L1 0.3148 | LPIPS 0.0543 | R1 0.0013 | 7.9s
2026-04-20 18:31:54.131 | INFO     | gleam.training.trainer:run_training:252 - epoch 240/300 | D 0.695 | G_adv 0.693 | L1 0.3070 | LPIPS 0.0537 | R1 0.0013 | 7.9s
2026-04-20 18:31:54.732 | INFO     | gleam.training.trainer:run_training:260 -   val L1 (EMA): 0.0091
2026-04-20 18:32:02.696 | INFO     | gleam.training.trainer:run_training:252 - epoch 241/300 | D 0.695 | G_adv 0.692 | L1 0.3068 | LPIPS 0.0536 | R1 0.0014 | 7.9s
2026-04-20 18:32:10.620 | INFO     | gleam.training.trainer:run_training:252 - epoch 242/300 | D 0.695 | G_adv 0.692 | L1 0.3083 | LPIPS 0.0527 | R1 0.0014 | 7.9s
2026-04-20 18:32:18.577 | INFO     | gleam.training.trainer:run_training:252 - epoch 243/300 | D 0.695 | G_adv 0.693 | L1 0.3030 | LPIPS 0.0530 | R1 0.0013 | 8.0s
2026-04-20 18:32:26.528 | INFO     | gleam.training.trainer:run_training:252 - epoch 244/300 | D 0.695 | G_adv 0.692 | L1 0.3088 | LPIPS 0.0526 | R1 0.0013 | 8.0s
2026-04-20 18:32:34.419 | INFO     | gleam.training.trainer:run_training:252 - epoch 245/300 | D 0.695 | G_adv 0.693 | L1 0.3083 | LPIPS 0.0527 | R1 0.0013 | 7.9s
2026-04-20 18:32:42.482 | INFO     | gleam.training.trainer:run_training:252 - epoch 246/300 | D 0.695 | G_adv 0.692 | L1 0.3008 | LPIPS 0.0524 | R1 0.0013 | 8.1s
2026-04-20 18:32:50.314 | INFO     | gleam.training.trainer:run_training:252 - epoch 247/300 | D 0.695 | G_adv 0.693 | L1 0.2962 | LPIPS 0.0522 | R1 0.0012 | 7.8s
2026-04-20 18:32:58.145 | INFO     | gleam.training.trainer:run_training:252 - epoch 248/300 | D 0.695 | G_adv 0.692 | L1 0.3004 | LPIPS 0.0524 | R1 0.0012 | 7.8s
2026-04-20 18:33:06.007 | INFO     | gleam.training.trainer:run_training:252 - epoch 249/300 | D 0.695 | G_adv 0.692 | L1 0.2999 | LPIPS 0.0522 | R1 0.0012 | 7.9s
2026-04-20 18:33:14.045 | INFO     | gleam.training.trainer:run_training:252 - epoch 250/300 | D 0.695 | G_adv 0.692 | L1 0.2994 | LPIPS 0.0518 | R1 0.0012 | 8.0s
2026-04-20 18:33:14.661 | INFO     | gleam.training.trainer:run_training:260 -   val L1 (EMA): 0.0089
2026-04-20 18:33:14.957 | INFO     | gleam.training.trainer:run_training:294 -   saved epoch_0250.pt
2026-04-20 18:33:22.779 | INFO     | gleam.training.trainer:run_training:252 - epoch 251/300 | D 0.695 | G_adv 0.693 | L1 0.3055 | LPIPS 0.0520 | R1 0.0011 | 7.8s
2026-04-20 18:33:30.587 | INFO     | gleam.training.trainer:run_training:252 - epoch 252/300 | D 0.695 | G_adv 0.691 | L1 0.2962 | LPIPS 0.0521 | R1 0.0012 | 7.8s
2026-04-20 18:33:38.410 | INFO     | gleam.training.trainer:run_training:252 - epoch 253/300 | D 0.695 | G_adv 0.693 | L1 0.2892 | LPIPS 0.0514 | R1 0.0011 | 7.8s
2026-04-20 18:33:46.263 | INFO     | gleam.training.trainer:run_training:252 - epoch 254/300 | D 0.695 | G_adv 0.692 | L1 0.2908 | LPIPS 0.0514 | R1 0.0012 | 7.9s
2026-04-20 18:33:54.122 | INFO     | gleam.training.trainer:run_training:252 - epoch 255/300 | D 0.695 | G_adv 0.693 | L1 0.2897 | LPIPS 0.0509 | R1 0.0011 | 7.9s
2026-04-20 18:34:02.070 | INFO     | gleam.training.trainer:run_training:252 - epoch 256/300 | D 0.695 | G_adv 0.692 | L1 0.2923 | LPIPS 0.0508 | R1 0.0011 | 7.9s
2026-04-20 18:34:09.886 | INFO     | gleam.training.trainer:run_training:252 - epoch 257/300 | D 0.695 | G_adv 0.693 | L1 0.2898 | LPIPS 0.0507 | R1 0.0011 | 7.8s
2026-04-20 18:34:17.837 | INFO     | gleam.training.trainer:run_training:252 - epoch 258/300 | D 0.695 | G_adv 0.692 | L1 0.2934 | LPIPS 0.0508 | R1 0.0011 | 8.0s
2026-04-20 18:34:25.744 | INFO     | gleam.training.trainer:run_training:252 - epoch 259/300 | D 0.695 | G_adv 0.693 | L1 0.2941 | LPIPS 0.0503 | R1 0.0010 | 7.9s
2026-04-20 18:34:33.637 | INFO     | gleam.training.trainer:run_training:252 - epoch 260/300 | D 0.695 | G_adv 0.692 | L1 0.2941 | LPIPS 0.0503 | R1 0.0010 | 7.9s
2026-04-20 18:34:34.272 | INFO     | gleam.training.trainer:run_training:260 -   val L1 (EMA): 0.0086
2026-04-20 18:34:42.158 | INFO     | gleam.training.trainer:run_training:252 - epoch 261/300 | D 0.695 | G_adv 0.693 | L1 0.2905 | LPIPS 0.0495 | R1 0.0010 | 7.9s
2026-04-20 18:34:50.111 | INFO     | gleam.training.trainer:run_training:252 - epoch 262/300 | D 0.695 | G_adv 0.693 | L1 0.2900 | LPIPS 0.0498 | R1 0.0011 | 8.0s
2026-04-20 18:34:57.933 | INFO     | gleam.training.trainer:run_training:252 - epoch 263/300 | D 0.695 | G_adv 0.692 | L1 0.2909 | LPIPS 0.0494 | R1 0.0011 | 7.8s
2026-04-20 18:35:05.834 | INFO     | gleam.training.trainer:run_training:252 - epoch 264/300 | D 0.695 | G_adv 0.692 | L1 0.2936 | LPIPS 0.0499 | R1 0.0010 | 7.9s
2026-04-20 18:35:13.727 | INFO     | gleam.training.trainer:run_training:252 - epoch 265/300 | D 0.695 | G_adv 0.693 | L1 0.2916 | LPIPS 0.0496 | R1 0.0010 | 7.9s
2026-04-20 18:35:21.545 | INFO     | gleam.training.trainer:run_training:252 - epoch 266/300 | D 0.695 | G_adv 0.692 | L1 0.2858 | LPIPS 0.0495 | R1 0.0010 | 7.8s
2026-04-20 18:35:29.507 | INFO     | gleam.training.trainer:run_training:252 - epoch 267/300 | D 0.695 | G_adv 0.692 | L1 0.2820 | LPIPS 0.0493 | R1 0.0010 | 8.0s
2026-04-20 18:35:37.330 | INFO     | gleam.training.trainer:run_training:252 - epoch 268/300 | D 0.695 | G_adv 0.692 | L1 0.2800 | LPIPS 0.0493 | R1 0.0010 | 7.8s
2026-04-20 18:35:45.141 | INFO     | gleam.training.trainer:run_training:252 - epoch 269/300 | D 0.695 | G_adv 0.693 | L1 0.2796 | LPIPS 0.0490 | R1 0.0010 | 7.8s
2026-04-20 18:35:52.949 | INFO     | gleam.training.trainer:run_training:252 - epoch 270/300 | D 0.695 | G_adv 0.692 | L1 0.2812 | LPIPS 0.0489 | R1 0.0010 | 7.8s
2026-04-20 18:35:53.595 | INFO     | gleam.training.trainer:run_training:260 -   val L1 (EMA): 0.0084
2026-04-20 18:36:01.511 | INFO     | gleam.training.trainer:run_training:252 - epoch 271/300 | D 0.695 | G_adv 0.693 | L1 0.2801 | LPIPS 0.0487 | R1 0.0010 | 7.9s
2026-04-20 18:36:09.392 | INFO     | gleam.training.trainer:run_training:252 - epoch 272/300 | D 0.695 | G_adv 0.691 | L1 0.2771 | LPIPS 0.0487 | R1 0.0010 | 7.9s
2026-04-20 18:36:17.300 | INFO     | gleam.training.trainer:run_training:252 - epoch 273/300 | D 0.695 | G_adv 0.693 | L1 0.2815 | LPIPS 0.0486 | R1 0.0010 | 7.9s
2026-04-20 18:36:25.260 | INFO     | gleam.training.trainer:run_training:252 - epoch 274/300 | D 0.695 | G_adv 0.692 | L1 0.2762 | LPIPS 0.0487 | R1 0.0010 | 8.0s
2026-04-20 18:36:33.180 | INFO     | gleam.training.trainer:run_training:252 - epoch 275/300 | D 0.695 | G_adv 0.693 | L1 0.2850 | LPIPS 0.0487 | R1 0.0010 | 7.9s
2026-04-20 18:36:33.511 | INFO     | gleam.training.trainer:run_training:294 -   saved epoch_0275.pt
2026-04-20 18:36:41.420 | INFO     | gleam.training.trainer:run_training:252 - epoch 276/300 | D 0.694 | G_adv 0.692 | L1 0.2859 | LPIPS 0.0486 | R1 0.0009 | 7.9s
2026-04-20 18:36:49.288 | INFO     | gleam.training.trainer:run_training:252 - epoch 277/300 | D 0.695 | G_adv 0.693 | L1 0.2754 | LPIPS 0.0484 | R1 0.0010 | 7.9s
2026-04-20 18:36:57.182 | INFO     | gleam.training.trainer:run_training:252 - epoch 278/300 | D 0.695 | G_adv 0.692 | L1 0.2728 | LPIPS 0.0480 | R1 0.0010 | 7.9s
2026-04-20 18:37:05.001 | INFO     | gleam.training.trainer:run_training:252 - epoch 279/300 | D 0.695 | G_adv 0.694 | L1 0.2734 | LPIPS 0.0481 | R1 0.0010 | 7.8s
2026-04-20 18:37:12.880 | INFO     | gleam.training.trainer:run_training:252 - epoch 280/300 | D 0.695 | G_adv 0.691 | L1 0.2724 | LPIPS 0.0478 | R1 0.0011 | 7.9s
2026-04-20 18:37:13.568 | INFO     | gleam.training.trainer:run_training:260 -   val L1 (EMA): 0.0083
2026-04-20 18:37:21.510 | INFO     | gleam.training.trainer:run_training:252 - epoch 281/300 | D 0.695 | G_adv 0.694 | L1 0.2717 | LPIPS 0.0474 | R1 0.0010 | 7.9s
2026-04-20 18:37:29.425 | INFO     | gleam.training.trainer:run_training:252 - epoch 282/300 | D 0.695 | G_adv 0.692 | L1 0.2783 | LPIPS 0.0475 | R1 0.0009 | 7.9s
2026-04-20 18:37:37.487 | INFO     | gleam.training.trainer:run_training:252 - epoch 283/300 | D 0.695 | G_adv 0.694 | L1 0.2780 | LPIPS 0.0481 | R1 0.0009 | 8.1s
2026-04-20 18:37:45.438 | INFO     | gleam.training.trainer:run_training:252 - epoch 284/300 | D 0.695 | G_adv 0.691 | L1 0.2737 | LPIPS 0.0473 | R1 0.0009 | 8.0s
2026-04-20 18:37:53.368 | INFO     | gleam.training.trainer:run_training:252 - epoch 285/300 | D 0.694 | G_adv 0.694 | L1 0.2766 | LPIPS 0.0476 | R1 0.0009 | 7.9s
2026-04-20 18:38:01.235 | INFO     | gleam.training.trainer:run_training:252 - epoch 286/300 | D 0.694 | G_adv 0.692 | L1 0.2715 | LPIPS 0.0474 | R1 0.0009 | 7.9s
2026-04-20 18:38:09.301 | INFO     | gleam.training.trainer:run_training:252 - epoch 287/300 | D 0.694 | G_adv 0.694 | L1 0.2705 | LPIPS 0.0473 | R1 0.0009 | 8.1s
2026-04-20 18:38:17.153 | INFO     | gleam.training.trainer:run_training:252 - epoch 288/300 | D 0.695 | G_adv 0.691 | L1 0.2713 | LPIPS 0.0473 | R1 0.0009 | 7.9s
2026-04-20 18:38:24.987 | INFO     | gleam.training.trainer:run_training:252 - epoch 289/300 | D 0.695 | G_adv 0.694 | L1 0.2714 | LPIPS 0.0467 | R1 0.0009 | 7.8s
2026-04-20 18:38:32.895 | INFO     | gleam.training.trainer:run_training:252 - epoch 290/300 | D 0.695 | G_adv 0.691 | L1 0.2770 | LPIPS 0.0471 | R1 0.0009 | 7.9s
2026-04-20 18:38:33.507 | INFO     | gleam.training.trainer:run_training:260 -   val L1 (EMA): 0.0081
2026-04-20 18:38:41.357 | INFO     | gleam.training.trainer:run_training:252 - epoch 291/300 | D 0.695 | G_adv 0.694 | L1 0.2733 | LPIPS 0.0468 | R1 0.0009 | 7.8s
2026-04-20 18:38:49.189 | INFO     | gleam.training.trainer:run_training:252 - epoch 292/300 | D 0.695 | G_adv 0.691 | L1 0.2690 | LPIPS 0.0469 | R1 0.0009 | 7.8s
2026-04-20 18:38:57.091 | INFO     | gleam.training.trainer:run_training:252 - epoch 293/300 | D 0.694 | G_adv 0.694 | L1 0.2684 | LPIPS 0.0466 | R1 0.0009 | 7.9s
2026-04-20 18:39:04.972 | INFO     | gleam.training.trainer:run_training:252 - epoch 294/300 | D 0.694 | G_adv 0.691 | L1 0.2682 | LPIPS 0.0462 | R1 0.0009 | 7.9s
2026-04-20 18:39:12.903 | INFO     | gleam.training.trainer:run_training:252 - epoch 295/300 | D 0.694 | G_adv 0.694 | L1 0.2729 | LPIPS 0.0462 | R1 0.0009 | 7.9s
2026-04-20 18:39:20.779 | INFO     | gleam.training.trainer:run_training:252 - epoch 296/300 | D 0.694 | G_adv 0.692 | L1 0.2739 | LPIPS 0.0466 | R1 0.0008 | 7.9s
2026-04-20 18:39:28.595 | INFO     | gleam.training.trainer:run_training:252 - epoch 297/300 | D 0.695 | G_adv 0.693 | L1 0.2691 | LPIPS 0.0462 | R1 0.0009 | 7.8s
2026-04-20 18:39:36.428 | INFO     | gleam.training.trainer:run_training:252 - epoch 298/300 | D 0.695 | G_adv 0.691 | L1 0.2638 | LPIPS 0.0461 | R1 0.0009 | 7.8s
2026-04-20 18:39:44.290 | INFO     | gleam.training.trainer:run_training:252 - epoch 299/300 | D 0.694 | G_adv 0.694 | L1 0.2634 | LPIPS 0.0459 | R1 0.0008 | 7.9s
2026-04-20 18:39:52.130 | INFO     | gleam.training.trainer:run_training:252 - epoch 300/300 | D 0.694 | G_adv 0.691 | L1 0.2614 | LPIPS 0.0459 | R1 0.0008 | 7.8s
2026-04-20 18:39:52.736 | INFO     | gleam.training.trainer:run_training:260 -   val L1 (EMA): 0.0079
2026-04-20 18:39:53.135 | INFO     | gleam.training.trainer:run_training:294 -   saved epoch_0300.pt
2026-04-20 18:39:53.135 | INFO     | gleam.training.trainer:run_training:296 - training complete
2026-04-20 20:48:10.811 | INFO     | gleam.utils.logging:log_environment:52 - torch 2.11.0+cu128 | device=cuda
2026-04-20 20:48:10.959 | INFO     | gleam.utils.logging:log_environment:58 - cuda: NVIDIA GB10 (sm_121) | 121.7 GB | cuDNN 91900
2026-04-20 20:48:10.959 | INFO     | gleam.training.trainer:run_training:116 - batch_size=128, epochs=120, workers=16, amp=True, compile=True
2026-04-20 20:48:11.032 | INFO     | gleam.training.trainer:run_training:123 - train=10500 val=1500
2026-04-20 20:48:21.251 | INFO     | gleam.utils.logging:log_environment:52 - torch 2.11.0+cu128 | device=cuda
2026-04-20 20:48:21.400 | INFO     | gleam.utils.logging:log_environment:58 - cuda: NVIDIA GB10 (sm_121) | 121.7 GB | cuDNN 91900
2026-04-20 20:48:21.400 | INFO     | gleam.training.trainer:run_training:116 - batch_size=128, epochs=120, workers=16, amp=True, compile=True
2026-04-20 20:48:21.479 | INFO     | gleam.training.trainer:run_training:123 - train=10500 val=1500
2026-04-20 20:49:02.969 | INFO     | gleam.training.trainer:run_training:252 - epoch   1/120 | D 15.656 | G_adv 0.734 | L1 2.8515 | LPIPS 0.4462 | R1 9.3499 | 40.8s
2026-04-20 20:49:42.451 | INFO     | gleam.training.trainer:run_training:252 - epoch   2/120 | D 0.967 | G_adv 0.704 | L1 2.3824 | LPIPS 0.2468 | R1 0.1703 | 39.5s
2026-04-20 20:50:21.969 | INFO     | gleam.training.trainer:run_training:252 - epoch   3/120 | D 0.837 | G_adv 0.698 | L1 2.2720 | LPIPS 0.2936 | R1 0.0901 | 39.5s
2026-04-20 20:51:01.433 | INFO     | gleam.training.trainer:run_training:252 - epoch   4/120 | D 0.786 | G_adv 0.695 | L1 2.2081 | LPIPS 0.2768 | R1 0.0587 | 39.5s
2026-04-20 20:51:40.819 | INFO     | gleam.training.trainer:run_training:252 - epoch   5/120 | D 0.759 | G_adv 0.694 | L1 2.1715 | LPIPS 0.2591 | R1 0.0420 | 39.4s
2026-04-20 20:52:20.309 | INFO     | gleam.training.trainer:run_training:252 - epoch   6/120 | D 0.742 | G_adv 0.694 | L1 2.1502 | LPIPS 0.2500 | R1 0.0316 | 39.5s
2026-04-20 20:52:59.673 | INFO     | gleam.training.trainer:run_training:252 - epoch   7/120 | D 0.732 | G_adv 0.694 | L1 2.1274 | LPIPS 0.2445 | R1 0.0255 | 39.4s
2026-04-20 20:53:39.110 | INFO     | gleam.training.trainer:run_training:252 - epoch   8/120 | D 0.724 | G_adv 0.694 | L1 2.0829 | LPIPS 0.2389 | R1 0.0209 | 39.4s
2026-04-20 20:54:18.548 | INFO     | gleam.training.trainer:run_training:252 - epoch   9/120 | D 0.719 | G_adv 0.695 | L1 2.0318 | LPIPS 0.2333 | R1 0.0179 | 39.4s
2026-04-20 20:54:57.969 | INFO     | gleam.training.trainer:run_training:252 - epoch  10/120 | D 0.715 | G_adv 0.694 | L1 1.9945 | LPIPS 0.2274 | R1 0.0157 | 39.4s
2026-04-20 20:54:59.935 | INFO     | gleam.training.trainer:run_training:260 -   val L1 (EMA): 0.0675
2026-04-20 20:55:39.437 | INFO     | gleam.training.trainer:run_training:252 - epoch  11/120 | D 0.712 | G_adv 0.694 | L1 1.9410 | LPIPS 0.2192 | R1 0.0135 | 39.5s
2026-04-20 20:56:19.060 | INFO     | gleam.training.trainer:run_training:252 - epoch  12/120 | D 0.709 | G_adv 0.694 | L1 1.8917 | LPIPS 0.2150 | R1 0.0120 | 39.6s
2026-04-20 20:56:58.516 | INFO     | gleam.training.trainer:run_training:252 - epoch  13/120 | D 0.707 | G_adv 0.694 | L1 1.8300 | LPIPS 0.2072 | R1 0.0107 | 39.5s
2026-04-20 20:57:37.962 | INFO     | gleam.training.trainer:run_training:252 - epoch  14/120 | D 0.706 | G_adv 0.694 | L1 1.7704 | LPIPS 0.1989 | R1 0.0097 | 39.4s
2026-04-20 20:58:17.416 | INFO     | gleam.training.trainer:run_training:252 - epoch  15/120 | D 0.704 | G_adv 0.694 | L1 1.7200 | LPIPS 0.1921 | R1 0.0088 | 39.5s
2026-04-20 20:58:56.988 | INFO     | gleam.training.trainer:run_training:252 - epoch  16/120 | D 0.703 | G_adv 0.694 | L1 1.6340 | LPIPS 0.1855 | R1 0.0079 | 39.6s
2026-04-20 20:59:36.403 | INFO     | gleam.training.trainer:run_training:252 - epoch  17/120 | D 0.702 | G_adv 0.694 | L1 1.5797 | LPIPS 0.1801 | R1 0.0073 | 39.4s
2026-04-20 21:00:15.931 | INFO     | gleam.training.trainer:run_training:252 - epoch  18/120 | D 0.701 | G_adv 0.694 | L1 1.5203 | LPIPS 0.1752 | R1 0.0067 | 39.5s
2026-04-20 21:00:55.349 | INFO     | gleam.training.trainer:run_training:252 - epoch  19/120 | D 0.700 | G_adv 0.694 | L1 1.4782 | LPIPS 0.1712 | R1 0.0061 | 39.4s
2026-04-20 21:01:34.794 | INFO     | gleam.training.trainer:run_training:252 - epoch  20/120 | D 0.699 | G_adv 0.694 | L1 1.4302 | LPIPS 0.1688 | R1 0.0059 | 39.4s
2026-04-20 21:01:36.453 | INFO     | gleam.training.trainer:run_training:260 -   val L1 (EMA): 0.0413
2026-04-20 21:02:16.081 | INFO     | gleam.training.trainer:run_training:252 - epoch  21/120 | D 0.698 | G_adv 0.694 | L1 1.4057 | LPIPS 0.1672 | R1 0.0055 | 39.6s
2026-04-20 21:02:55.578 | INFO     | gleam.training.trainer:run_training:252 - epoch  22/120 | D 0.698 | G_adv 0.694 | L1 1.3662 | LPIPS 0.1640 | R1 0.0053 | 39.5s
2026-04-20 21:03:35.101 | INFO     | gleam.training.trainer:run_training:252 - epoch  23/120 | D 0.697 | G_adv 0.695 | L1 1.3074 | LPIPS 0.1616 | R1 0.0050 | 39.5s
2026-04-20 21:04:14.643 | INFO     | gleam.training.trainer:run_training:252 - epoch  24/120 | D 0.697 | G_adv 0.695 | L1 1.2886 | LPIPS 0.1600 | R1 0.0048 | 39.5s
2026-04-20 21:04:54.057 | INFO     | gleam.training.trainer:run_training:252 - epoch  25/120 | D 0.696 | G_adv 0.694 | L1 1.2727 | LPIPS 0.1593 | R1 0.0047 | 39.4s
2026-04-20 21:04:54.547 | INFO     | gleam.training.trainer:run_training:294 -   saved epoch_0025.pt
2026-04-20 21:05:34.092 | INFO     | gleam.training.trainer:run_training:252 - epoch  26/120 | D 0.696 | G_adv 0.695 | L1 1.2416 | LPIPS 0.1574 | R1 0.0045 | 39.5s
2026-04-20 21:06:13.511 | INFO     | gleam.training.trainer:run_training:252 - epoch  27/120 | D 0.695 | G_adv 0.694 | L1 1.2169 | LPIPS 0.1559 | R1 0.0044 | 39.4s
2026-04-20 21:06:52.903 | INFO     | gleam.training.trainer:run_training:252 - epoch  28/120 | D 0.696 | G_adv 0.695 | L1 1.2101 | LPIPS 0.1541 | R1 0.0044 | 39.4s
2026-04-20 21:07:32.423 | INFO     | gleam.training.trainer:run_training:252 - epoch  29/120 | D 0.695 | G_adv 0.695 | L1 1.1738 | LPIPS 0.1534 | R1 0.0041 | 39.5s
2026-04-20 21:08:11.909 | INFO     | gleam.training.trainer:run_training:252 - epoch  30/120 | D 0.695 | G_adv 0.694 | L1 1.1690 | LPIPS 0.1528 | R1 0.0040 | 39.5s
2026-04-20 21:08:13.538 | INFO     | gleam.training.trainer:run_training:260 -   val L1 (EMA): 0.0237
2026-04-20 21:08:53.035 | INFO     | gleam.training.trainer:run_training:252 - epoch  31/120 | D 0.694 | G_adv 0.695 | L1 1.1347 | LPIPS 0.1513 | R1 0.0039 | 39.5s
2026-04-20 21:09:32.509 | INFO     | gleam.training.trainer:run_training:252 - epoch  32/120 | D 0.694 | G_adv 0.695 | L1 1.1237 | LPIPS 0.1493 | R1 0.0041 | 39.5s
2026-04-20 21:10:11.960 | INFO     | gleam.training.trainer:run_training:252 - epoch  33/120 | D 0.694 | G_adv 0.696 | L1 1.1151 | LPIPS 0.1494 | R1 0.0038 | 39.5s
2026-04-20 21:10:51.489 | INFO     | gleam.training.trainer:run_training:252 - epoch  34/120 | D 0.694 | G_adv 0.695 | L1 1.0904 | LPIPS 0.1481 | R1 0.0039 | 39.5s
2026-04-20 21:11:31.011 | INFO     | gleam.training.trainer:run_training:252 - epoch  35/120 | D 0.694 | G_adv 0.696 | L1 1.0881 | LPIPS 0.1471 | R1 0.0037 | 39.5s
2026-04-20 21:12:10.452 | INFO     | gleam.training.trainer:run_training:252 - epoch  36/120 | D 0.694 | G_adv 0.696 | L1 1.0788 | LPIPS 0.1472 | R1 0.0036 | 39.4s
2026-04-20 21:12:49.855 | INFO     | gleam.training.trainer:run_training:252 - epoch  37/120 | D 0.693 | G_adv 0.696 | L1 1.0611 | LPIPS 0.1456 | R1 0.0035 | 39.4s
2026-04-20 21:13:29.396 | INFO     | gleam.training.trainer:run_training:252 - epoch  38/120 | D 0.693 | G_adv 0.696 | L1 1.0609 | LPIPS 0.1455 | R1 0.0036 | 39.5s
2026-04-20 21:14:08.781 | INFO     | gleam.training.trainer:run_training:252 - epoch  39/120 | D 0.693 | G_adv 0.696 | L1 1.0476 | LPIPS 0.1456 | R1 0.0035 | 39.4s
2026-04-20 21:14:48.313 | INFO     | gleam.training.trainer:run_training:252 - epoch  40/120 | D 0.693 | G_adv 0.696 | L1 1.0367 | LPIPS 0.1441 | R1 0.0034 | 39.5s
2026-04-20 21:14:49.966 | INFO     | gleam.training.trainer:run_training:260 -   val L1 (EMA): 0.0178
2026-04-20 21:15:29.415 | INFO     | gleam.training.trainer:run_training:252 - epoch  41/120 | D 0.693 | G_adv 0.696 | L1 1.0348 | LPIPS 0.1434 | R1 0.0032 | 39.4s
2026-04-20 21:16:08.878 | INFO     | gleam.training.trainer:run_training:252 - epoch  42/120 | D 0.693 | G_adv 0.696 | L1 1.0307 | LPIPS 0.1427 | R1 0.0032 | 39.5s
2026-04-20 21:16:48.450 | INFO     | gleam.training.trainer:run_training:252 - epoch  43/120 | D 0.692 | G_adv 0.697 | L1 1.0117 | LPIPS 0.1417 | R1 0.0032 | 39.6s
2026-04-20 21:17:27.897 | INFO     | gleam.training.trainer:run_training:252 - epoch  44/120 | D 0.693 | G_adv 0.697 | L1 0.9945 | LPIPS 0.1404 | R1 0.0034 | 39.4s
2026-04-20 21:18:07.319 | INFO     | gleam.training.trainer:run_training:252 - epoch  45/120 | D 0.693 | G_adv 0.697 | L1 1.0023 | LPIPS 0.1400 | R1 0.0033 | 39.4s
2026-04-20 21:18:46.769 | INFO     | gleam.training.trainer:run_training:252 - epoch  46/120 | D 0.692 | G_adv 0.697 | L1 0.9825 | LPIPS 0.1388 | R1 0.0030 | 39.5s
2026-04-20 21:19:26.201 | INFO     | gleam.training.trainer:run_training:252 - epoch  47/120 | D 0.692 | G_adv 0.697 | L1 0.9847 | LPIPS 0.1386 | R1 0.0032 | 39.4s
2026-04-20 21:20:05.783 | INFO     | gleam.training.trainer:run_training:252 - epoch  48/120 | D 0.692 | G_adv 0.698 | L1 0.9661 | LPIPS 0.1379 | R1 0.0030 | 39.6s
2026-04-20 21:20:45.234 | INFO     | gleam.training.trainer:run_training:252 - epoch  49/120 | D 0.693 | G_adv 0.698 | L1 0.9661 | LPIPS 0.1376 | R1 0.0033 | 39.5s
2026-04-20 21:21:24.650 | INFO     | gleam.training.trainer:run_training:252 - epoch  50/120 | D 0.692 | G_adv 0.699 | L1 0.9525 | LPIPS 0.1363 | R1 0.0031 | 39.4s
2026-04-20 21:21:26.292 | INFO     | gleam.training.trainer:run_training:260 -   val L1 (EMA): 0.0153
2026-04-20 21:21:26.823 | INFO     | gleam.training.trainer:run_training:294 -   saved epoch_0050.pt
2026-04-20 21:22:06.331 | INFO     | gleam.training.trainer:run_training:252 - epoch  51/120 | D 0.692 | G_adv 0.698 | L1 0.9586 | LPIPS 0.1362 | R1 0.0028 | 39.5s
2026-04-20 21:22:45.763 | INFO     | gleam.training.trainer:run_training:252 - epoch  52/120 | D 0.693 | G_adv 0.698 | L1 0.9496 | LPIPS 0.1353 | R1 0.0031 | 39.4s
2026-04-20 21:23:25.322 | INFO     | gleam.training.trainer:run_training:252 - epoch  53/120 | D 0.692 | G_adv 0.698 | L1 0.9398 | LPIPS 0.1342 | R1 0.0026 | 39.6s
2026-04-20 21:24:04.831 | INFO     | gleam.training.trainer:run_training:252 - epoch  54/120 | D 0.692 | G_adv 0.698 | L1 0.9343 | LPIPS 0.1338 | R1 0.0027 | 39.5s
2026-04-20 21:24:44.286 | INFO     | gleam.training.trainer:run_training:252 - epoch  55/120 | D 0.692 | G_adv 0.698 | L1 0.9308 | LPIPS 0.1328 | R1 0.0026 | 39.5s
2026-04-20 21:25:23.763 | INFO     | gleam.training.trainer:run_training:252 - epoch  56/120 | D 0.692 | G_adv 0.698 | L1 0.9163 | LPIPS 0.1324 | R1 0.0027 | 39.5s
2026-04-20 21:26:03.311 | INFO     | gleam.training.trainer:run_training:252 - epoch  57/120 | D 0.692 | G_adv 0.698 | L1 0.9191 | LPIPS 0.1322 | R1 0.0029 | 39.5s
2026-04-20 21:26:42.731 | INFO     | gleam.training.trainer:run_training:252 - epoch  58/120 | D 0.691 | G_adv 0.699 | L1 0.9042 | LPIPS 0.1307 | R1 0.0027 | 39.4s
2026-04-20 21:27:22.160 | INFO     | gleam.training.trainer:run_training:252 - epoch  59/120 | D 0.691 | G_adv 0.699 | L1 0.9103 | LPIPS 0.1303 | R1 0.0023 | 39.4s
2026-04-20 21:28:01.643 | INFO     | gleam.training.trainer:run_training:252 - epoch  60/120 | D 0.691 | G_adv 0.698 | L1 0.9012 | LPIPS 0.1283 | R1 0.0024 | 39.5s
2026-04-20 21:28:03.348 | INFO     | gleam.training.trainer:run_training:260 -   val L1 (EMA): 0.0138
2026-04-20 21:28:42.937 | INFO     | gleam.training.trainer:run_training:252 - epoch  61/120 | D 0.691 | G_adv 0.700 | L1 0.8874 | LPIPS 0.1264 | R1 0.0028 | 39.6s
2026-04-20 21:29:22.407 | INFO     | gleam.training.trainer:run_training:252 - epoch  62/120 | D 0.691 | G_adv 0.699 | L1 0.8886 | LPIPS 0.1250 | R1 0.0025 | 39.5s
2026-04-20 21:30:01.915 | INFO     | gleam.training.trainer:run_training:252 - epoch  63/120 | D 0.691 | G_adv 0.700 | L1 0.8773 | LPIPS 0.1235 | R1 0.0025 | 39.5s
2026-04-20 21:30:41.468 | INFO     | gleam.training.trainer:run_training:252 - epoch  64/120 | D 0.692 | G_adv 0.698 | L1 0.8904 | LPIPS 0.1215 | R1 0.0024 | 39.6s
2026-04-20 21:31:20.872 | INFO     | gleam.training.trainer:run_training:252 - epoch  65/120 | D 0.691 | G_adv 0.699 | L1 0.8617 | LPIPS 0.1183 | R1 0.0023 | 39.4s
2026-04-20 21:32:00.327 | INFO     | gleam.training.trainer:run_training:252 - epoch  66/120 | D 0.691 | G_adv 0.699 | L1 0.8652 | LPIPS 0.1152 | R1 0.0022 | 39.5s
2026-04-20 21:32:39.778 | INFO     | gleam.training.trainer:run_training:252 - epoch  67/120 | D 0.692 | G_adv 0.698 | L1 0.8574 | LPIPS 0.1111 | R1 0.0021 | 39.5s
2026-04-20 21:33:19.222 | INFO     | gleam.training.trainer:run_training:252 - epoch  68/120 | D 0.692 | G_adv 0.697 | L1 0.8354 | LPIPS 0.1071 | R1 0.0018 | 39.4s
2026-04-20 21:33:58.668 | INFO     | gleam.training.trainer:run_training:252 - epoch  69/120 | D 0.692 | G_adv 0.697 | L1 0.8341 | LPIPS 0.1041 | R1 0.0018 | 39.4s
2026-04-20 21:34:38.107 | INFO     | gleam.training.trainer:run_training:252 - epoch  70/120 | D 0.692 | G_adv 0.697 | L1 0.8298 | LPIPS 0.1008 | R1 0.0015 | 39.4s
2026-04-20 21:34:39.733 | INFO     | gleam.training.trainer:run_training:260 -   val L1 (EMA): 0.0109
2026-04-20 21:35:19.204 | INFO     | gleam.training.trainer:run_training:252 - epoch  71/120 | D 0.693 | G_adv 0.696 | L1 0.8063 | LPIPS 0.0976 | R1 0.0016 | 39.5s
2026-04-20 21:35:58.718 | INFO     | gleam.training.trainer:run_training:252 - epoch  72/120 | D 0.693 | G_adv 0.696 | L1 0.8182 | LPIPS 0.0945 | R1 0.0013 | 39.5s
2026-04-20 21:36:38.150 | INFO     | gleam.training.trainer:run_training:252 - epoch  73/120 | D 0.693 | G_adv 0.696 | L1 0.7834 | LPIPS 0.0897 | R1 0.0014 | 39.4s
2026-04-20 21:37:17.598 | INFO     | gleam.training.trainer:run_training:252 - epoch  74/120 | D 0.693 | G_adv 0.696 | L1 0.7873 | LPIPS 0.0877 | R1 0.0013 | 39.4s
2026-04-20 21:37:57.045 | INFO     | gleam.training.trainer:run_training:252 - epoch  75/120 | D 0.693 | G_adv 0.695 | L1 0.7884 | LPIPS 0.0857 | R1 0.0011 | 39.4s
2026-04-20 21:37:57.501 | INFO     | gleam.training.trainer:run_training:294 -   saved epoch_0075.pt
2026-04-20 21:38:37.005 | INFO     | gleam.training.trainer:run_training:252 - epoch  76/120 | D 0.693 | G_adv 0.696 | L1 0.7698 | LPIPS 0.0833 | R1 0.0011 | 39.5s
2026-04-20 21:39:16.427 | INFO     | gleam.training.trainer:run_training:252 - epoch  77/120 | D 0.693 | G_adv 0.695 | L1 0.7614 | LPIPS 0.0809 | R1 0.0010 | 39.4s
2026-04-20 21:39:55.927 | INFO     | gleam.training.trainer:run_training:252 - epoch  78/120 | D 0.693 | G_adv 0.695 | L1 0.7698 | LPIPS 0.0801 | R1 0.0010 | 39.5s
2026-04-20 21:40:35.395 | INFO     | gleam.training.trainer:run_training:252 - epoch  79/120 | D 0.693 | G_adv 0.695 | L1 0.7491 | LPIPS 0.0782 | R1 0.0011 | 39.5s
2026-04-20 21:41:14.921 | INFO     | gleam.training.trainer:run_training:252 - epoch  80/120 | D 0.693 | G_adv 0.695 | L1 0.7456 | LPIPS 0.0770 | R1 0.0008 | 39.5s
2026-04-20 21:41:16.622 | INFO     | gleam.training.trainer:run_training:260 -   val L1 (EMA): 0.0076
2026-04-20 21:41:56.132 | INFO     | gleam.training.trainer:run_training:252 - epoch  81/120 | D 0.693 | G_adv 0.695 | L1 0.7308 | LPIPS 0.0744 | R1 0.0008 | 39.5s
2026-04-20 21:42:35.717 | INFO     | gleam.training.trainer:run_training:252 - epoch  82/120 | D 0.693 | G_adv 0.695 | L1 0.7263 | LPIPS 0.0731 | R1 0.0008 | 39.6s
2026-04-20 21:43:15.288 | INFO     | gleam.training.trainer:run_training:252 - epoch  83/120 | D 0.693 | G_adv 0.695 | L1 0.7155 | LPIPS 0.0721 | R1 0.0008 | 39.6s
2026-04-20 21:43:54.792 | INFO     | gleam.training.trainer:run_training:252 - epoch  84/120 | D 0.693 | G_adv 0.695 | L1 0.7154 | LPIPS 0.0714 | R1 0.0008 | 39.5s
2026-04-20 21:44:34.296 | INFO     | gleam.training.trainer:run_training:252 - epoch  85/120 | D 0.693 | G_adv 0.695 | L1 0.7026 | LPIPS 0.0696 | R1 0.0008 | 39.5s
2026-04-20 21:45:13.744 | INFO     | gleam.training.trainer:run_training:252 - epoch  86/120 | D 0.693 | G_adv 0.695 | L1 0.7139 | LPIPS 0.0693 | R1 0.0007 | 39.4s
2026-04-20 21:45:53.267 | INFO     | gleam.training.trainer:run_training:252 - epoch  87/120 | D 0.693 | G_adv 0.695 | L1 0.7139 | LPIPS 0.0692 | R1 0.0007 | 39.5s
2026-04-20 21:46:32.692 | INFO     | gleam.training.trainer:run_training:252 - epoch  88/120 | D 0.693 | G_adv 0.694 | L1 0.6896 | LPIPS 0.0668 | R1 0.0007 | 39.4s
2026-04-20 21:47:12.194 | INFO     | gleam.training.trainer:run_training:252 - epoch  89/120 | D 0.693 | G_adv 0.694 | L1 0.6862 | LPIPS 0.0664 | R1 0.0007 | 39.5s
2026-04-20 21:47:51.663 | INFO     | gleam.training.trainer:run_training:252 - epoch  90/120 | D 0.693 | G_adv 0.695 | L1 0.6716 | LPIPS 0.0643 | R1 0.0006 | 39.5s
2026-04-20 21:47:53.334 | INFO     | gleam.training.trainer:run_training:260 -   val L1 (EMA): 0.0064
2026-04-20 21:48:32.808 | INFO     | gleam.training.trainer:run_training:252 - epoch  91/120 | D 0.693 | G_adv 0.694 | L1 0.6620 | LPIPS 0.0636 | R1 0.0006 | 39.5s
2026-04-20 21:49:12.249 | INFO     | gleam.training.trainer:run_training:252 - epoch  92/120 | D 0.693 | G_adv 0.694 | L1 0.6691 | LPIPS 0.0627 | R1 0.0005 | 39.4s
2026-04-20 21:49:51.678 | INFO     | gleam.training.trainer:run_training:252 - epoch  93/120 | D 0.693 | G_adv 0.694 | L1 0.6544 | LPIPS 0.0617 | R1 0.0006 | 39.4s
2026-04-20 21:50:31.241 | INFO     | gleam.training.trainer:run_training:252 - epoch  94/120 | D 0.693 | G_adv 0.694 | L1 0.6658 | LPIPS 0.0616 | R1 0.0006 | 39.6s
2026-04-20 21:51:10.643 | INFO     | gleam.training.trainer:run_training:252 - epoch  95/120 | D 0.693 | G_adv 0.694 | L1 0.6531 | LPIPS 0.0602 | R1 0.0005 | 39.4s
2026-04-20 21:51:50.117 | INFO     | gleam.training.trainer:run_training:252 - epoch  96/120 | D 0.693 | G_adv 0.694 | L1 0.6405 | LPIPS 0.0598 | R1 0.0006 | 39.5s
2026-04-20 21:52:29.655 | INFO     | gleam.training.trainer:run_training:252 - epoch  97/120 | D 0.693 | G_adv 0.694 | L1 0.6426 | LPIPS 0.0598 | R1 0.0006 | 39.5s
2026-04-20 21:53:09.035 | INFO     | gleam.training.trainer:run_training:252 - epoch  98/120 | D 0.693 | G_adv 0.694 | L1 0.6338 | LPIPS 0.0589 | R1 0.0005 | 39.4s
2026-04-20 21:53:48.496 | INFO     | gleam.training.trainer:run_training:252 - epoch  99/120 | D 0.693 | G_adv 0.694 | L1 0.6370 | LPIPS 0.0583 | R1 0.0004 | 39.5s
2026-04-20 21:54:28.000 | INFO     | gleam.training.trainer:run_training:252 - epoch 100/120 | D 0.693 | G_adv 0.694 | L1 0.6199 | LPIPS 0.0566 | R1 0.0005 | 39.5s
2026-04-20 21:54:29.798 | INFO     | gleam.training.trainer:run_training:260 -   val L1 (EMA): 0.0056
2026-04-20 21:54:30.304 | INFO     | gleam.training.trainer:run_training:294 -   saved epoch_0100.pt
2026-04-20 21:55:09.847 | INFO     | gleam.training.trainer:run_training:252 - epoch 101/120 | D 0.693 | G_adv 0.694 | L1 0.6298 | LPIPS 0.0575 | R1 0.0005 | 39.5s
2026-04-20 21:55:49.348 | INFO     | gleam.training.trainer:run_training:252 - epoch 102/120 | D 0.693 | G_adv 0.694 | L1 0.6212 | LPIPS 0.0562 | R1 0.0004 | 39.5s
2026-04-20 21:56:28.775 | INFO     | gleam.training.trainer:run_training:252 - epoch 103/120 | D 0.693 | G_adv 0.694 | L1 0.6116 | LPIPS 0.0556 | R1 0.0004 | 39.4s
2026-04-20 21:57:08.261 | INFO     | gleam.training.trainer:run_training:252 - epoch 104/120 | D 0.693 | G_adv 0.694 | L1 0.6250 | LPIPS 0.0556 | R1 0.0005 | 39.5s
2026-04-20 21:57:47.752 | INFO     | gleam.training.trainer:run_training:252 - epoch 105/120 | D 0.693 | G_adv 0.694 | L1 0.6041 | LPIPS 0.0543 | R1 0.0004 | 39.5s
2026-04-20 21:58:27.202 | INFO     | gleam.training.trainer:run_training:252 - epoch 106/120 | D 0.693 | G_adv 0.694 | L1 0.5976 | LPIPS 0.0547 | R1 0.0004 | 39.4s
2026-04-20 21:59:06.652 | INFO     | gleam.training.trainer:run_training:252 - epoch 107/120 | D 0.693 | G_adv 0.694 | L1 0.6055 | LPIPS 0.0538 | R1 0.0004 | 39.4s
2026-04-20 21:59:46.159 | INFO     | gleam.training.trainer:run_training:252 - epoch 108/120 | D 0.693 | G_adv 0.694 | L1 0.6030 | LPIPS 0.0530 | R1 0.0004 | 39.5s
2026-04-20 22:00:25.650 | INFO     | gleam.training.trainer:run_training:252 - epoch 109/120 | D 0.693 | G_adv 0.694 | L1 0.6056 | LPIPS 0.0530 | R1 0.0003 | 39.5s
2026-04-20 22:01:05.032 | INFO     | gleam.training.trainer:run_training:252 - epoch 110/120 | D 0.693 | G_adv 0.694 | L1 0.5780 | LPIPS 0.0525 | R1 0.0003 | 39.4s
2026-04-20 22:01:06.741 | INFO     | gleam.training.trainer:run_training:260 -   val L1 (EMA): 0.0051
2026-04-20 22:01:46.211 | INFO     | gleam.training.trainer:run_training:252 - epoch 111/120 | D 0.693 | G_adv 0.694 | L1 0.5996 | LPIPS 0.0529 | R1 0.0004 | 39.4s
2026-04-20 22:02:25.747 | INFO     | gleam.training.trainer:run_training:252 - epoch 112/120 | D 0.693 | G_adv 0.694 | L1 0.5839 | LPIPS 0.0516 | R1 0.0004 | 39.5s
2026-04-20 22:03:05.241 | INFO     | gleam.training.trainer:run_training:252 - epoch 113/120 | D 0.693 | G_adv 0.694 | L1 0.5755 | LPIPS 0.0512 | R1 0.0003 | 39.5s
2026-04-20 22:03:44.734 | INFO     | gleam.training.trainer:run_training:252 - epoch 114/120 | D 0.693 | G_adv 0.694 | L1 0.5856 | LPIPS 0.0512 | R1 0.0004 | 39.5s
2026-04-20 22:04:24.219 | INFO     | gleam.training.trainer:run_training:252 - epoch 115/120 | D 0.693 | G_adv 0.694 | L1 0.5832 | LPIPS 0.0508 | R1 0.0003 | 39.5s
2026-04-20 22:05:03.839 | INFO     | gleam.training.trainer:run_training:252 - epoch 116/120 | D 0.693 | G_adv 0.694 | L1 0.5608 | LPIPS 0.0503 | R1 0.0003 | 39.6s
2026-04-20 22:05:43.374 | INFO     | gleam.training.trainer:run_training:252 - epoch 117/120 | D 0.693 | G_adv 0.694 | L1 0.5592 | LPIPS 0.0497 | R1 0.0003 | 39.5s
2026-04-20 22:06:22.946 | INFO     | gleam.training.trainer:run_training:252 - epoch 118/120 | D 0.693 | G_adv 0.694 | L1 0.5756 | LPIPS 0.0511 | R1 0.0003 | 39.6s
2026-04-20 22:07:02.397 | INFO     | gleam.training.trainer:run_training:252 - epoch 119/120 | D 0.693 | G_adv 0.694 | L1 0.5592 | LPIPS 0.0492 | R1 0.0003 | 39.5s
2026-04-20 22:07:41.908 | INFO     | gleam.training.trainer:run_training:252 - epoch 120/120 | D 0.693 | G_adv 0.694 | L1 0.5787 | LPIPS 0.0493 | R1 0.0003 | 39.5s
2026-04-20 22:07:43.635 | INFO     | gleam.training.trainer:run_training:260 -   val L1 (EMA): 0.0048
2026-04-20 22:07:44.127 | INFO     | gleam.training.trainer:run_training:294 -   saved epoch_0120.pt
2026-04-20 22:07:44.127 | INFO     | gleam.training.trainer:run_training:296 - training complete
